[0.477s] Invoking command in '/home/das/eyrc_hb/hb_task1a_ws/build/hb_task_1a': PYTHONPATH=/home/das/eyrc_hb/hb_task1a_ws/build/hb_task_1a/prefix_override:/home/das/eyrc_hb/hb_task1a_ws/install/hb_task_1a/lib/python3.10/site-packages:${PYTHONPATH} /usr/bin/python3 setup.py develop --editable --build-directory /home/das/eyrc_hb/hb_task1a_ws/build/hb_task_1a/build --no-deps install_data
[0.658s] running develop
[0.764s] running egg_info
[0.764s] creating hb_task_1a.egg-info
[0.764s] writing hb_task_1a.egg-info/PKG-INFO
[0.765s] writing dependency_links to hb_task_1a.egg-info/dependency_links.txt
[0.765s] writing entry points to hb_task_1a.egg-info/entry_points.txt
[0.765s] writing requirements to hb_task_1a.egg-info/requires.txt
[0.765s] writing top-level names to hb_task_1a.egg-info/top_level.txt
[0.765s] writing manifest file 'hb_task_1a.egg-info/SOURCES.txt'
[0.766s] reading manifest file 'hb_task_1a.egg-info/SOURCES.txt'
[0.767s] writing manifest file 'hb_task_1a.egg-info/SOURCES.txt'
[0.767s] running build_ext
[0.768s] Creating /home/das/eyrc_hb/hb_task1a_ws/install/hb_task_1a/lib/python3.10/site-packages/hb-task-1a.egg-link (link to .)
[0.768s] Installing task_1a_2865 script to /home/das/eyrc_hb/hb_task1a_ws/install/hb_task_1a/lib/hb_task_1a
[0.768s] 
[0.768s] Installed /home/das/eyrc_hb/hb_task1a_ws/build/hb_task_1a
[0.769s] running install_data
[0.769s] creating /home/das/eyrc_hb/hb_task1a_ws/install/hb_task_1a/share/ament_index
[0.769s] creating /home/das/eyrc_hb/hb_task1a_ws/install/hb_task_1a/share/ament_index/resource_index
[0.769s] creating /home/das/eyrc_hb/hb_task1a_ws/install/hb_task_1a/share/ament_index/resource_index/packages
[0.769s] copying resource/hb_task_1a -> /home/das/eyrc_hb/hb_task1a_ws/install/hb_task_1a/share/ament_index/resource_index/packages
[0.769s] copying package.xml -> /home/das/eyrc_hb/hb_task1a_ws/install/hb_task_1a/share/hb_task_1a
[0.796s] Invoked command in '/home/das/eyrc_hb/hb_task1a_ws/build/hb_task_1a' returned '0': PYTHONPATH=/home/das/eyrc_hb/hb_task1a_ws/build/hb_task_1a/prefix_override:/home/das/eyrc_hb/hb_task1a_ws/install/hb_task_1a/lib/python3.10/site-packages:${PYTHONPATH} /usr/bin/python3 setup.py develop --editable --build-directory /home/das/eyrc_hb/hb_task1a_ws/build/hb_task_1a/build --no-deps install_data
