[0.214s] Invoking command in '/home/das/eyrc_hb/hb_task1a_ws/build/turtlesim': CMAKE_PREFIX_PATH=${CMAKE_PREFIX_PATH}:/home/das/eyrc_hb/hb_task1a_ws/install/hb_task_1a:/opt/ros/humble /usr/bin/cmake /home/das/eyrc_hb/hb_task1a_ws/src/turtlesim -DAMENT_CMAKE_SYMLINK_INSTALL=1 -DCMAKE_INSTALL_PREFIX=/home/das/eyrc_hb/hb_task1a_ws/install/turtlesim
[0.249s] -- The C compiler identification is GNU 11.4.0
[0.287s] -- The CXX compiler identification is GNU 11.4.0
[0.292s] -- Detecting C compiler ABI info
[0.336s] -- Detecting C compiler ABI info - done
[0.342s] -- Check for working C compiler: /usr/bin/cc - skipped
[0.342s] -- Detecting C compile features
[0.342s] -- Detecting C compile features - done
[0.344s] -- Detecting CXX compiler ABI info
[0.396s] -- Detecting CXX compiler ABI info - done
[0.401s] -- Check for working CXX compiler: /usr/bin/c++ - skipped
[0.401s] -- Detecting CXX compile features
[0.401s] -- Detecting CXX compile features - done
[0.403s] -- Found ament_cmake: 1.3.5 (/opt/ros/humble/share/ament_cmake/cmake)
[0.522s] -- Found Python3: /usr/bin/python3.10 (found version "3.10.12") found components: Interpreter 
[0.565s] -- Override CMake install command with custom implementation using symlinks instead of copying resources
[0.580s] -- Found ament_index_cpp: 1.4.0 (/opt/ros/humble/share/ament_index_cpp/cmake)
[0.581s] -- Found geometry_msgs: 4.2.3 (/opt/ros/humble/share/geometry_msgs/cmake)
[0.605s] -- Found rosidl_generator_c: 3.1.5 (/opt/ros/humble/share/rosidl_generator_c/cmake)
[0.608s] -- Found rosidl_adapter: 3.1.5 (/opt/ros/humble/share/rosidl_adapter/cmake)
[0.613s] -- Found rosidl_generator_cpp: 3.1.5 (/opt/ros/humble/share/rosidl_generator_cpp/cmake)
[0.623s] -- Using all available rosidl_typesupport_c: rosidl_typesupport_fastrtps_c;rosidl_typesupport_introspection_c
[0.636s] -- Using all available rosidl_typesupport_cpp: rosidl_typesupport_fastrtps_cpp;rosidl_typesupport_introspection_cpp
[0.729s] -- Found rclcpp: 16.0.5 (/opt/ros/humble/share/rclcpp/cmake)
[0.770s] -- Found rmw_implementation_cmake: 6.1.1 (/opt/ros/humble/share/rmw_implementation_cmake/cmake)
[0.775s] -- Found rmw_fastrtps_cpp: 6.2.3 (/opt/ros/humble/share/rmw_fastrtps_cpp/cmake)
[0.835s] -- Found OpenSSL: /usr/lib/x86_64-linux-gnu/libcrypto.so (found version "3.0.2")  
[0.854s] -- Found FastRTPS: /opt/ros/humble/include  
[0.886s] -- Using RMW implementation 'rmw_fastrtps_cpp' as default
[0.892s] -- Looking for pthread.h
[0.940s] -- Looking for pthread.h - found
[0.940s] -- Performing Test CMAKE_HAVE_LIBC_PTHREAD
[0.985s] -- Performing Test CMAKE_HAVE_LIBC_PTHREAD - Success
[0.986s] -- Found Threads: TRUE  
[1.079s] -- Found rclcpp_action: 16.0.5 (/opt/ros/humble/share/rclcpp_action/cmake)
[1.146s] -- Found rosidl_default_generators: 1.2.0 (/opt/ros/humble/share/rosidl_default_generators/cmake)
[1.152s] -- Found std_srvs: 4.2.3 (/opt/ros/humble/share/std_srvs/cmake)
[1.370s] -- Found ament_cmake_ros: 0.10.0 (/opt/ros/humble/share/ament_cmake_ros/cmake)
[1.582s] -- Using all available rosidl_typesupport_c: rosidl_typesupport_fastrtps_c;rosidl_typesupport_introspection_c
[1.665s] -- Using all available rosidl_typesupport_cpp: rosidl_typesupport_fastrtps_cpp;rosidl_typesupport_introspection_cpp
[1.680s] -- Found PythonInterp: /usr/bin/python3 (found suitable version "3.10.12", minimum required is "3.6") 
[1.681s] -- Found python_cmake_module: 0.10.0 (/opt/ros/humble/share/python_cmake_module/cmake)
[1.698s] -- Found PythonLibs: /usr/lib/x86_64-linux-gnu/libpython3.10.so (found suitable version "3.10.12", minimum required is "3.5") 
[1.698s] -- Using PYTHON_EXECUTABLE: /usr/bin/python3
[1.698s] -- Using PYTHON_INCLUDE_DIRS: /usr/include/python3.10
[1.698s] -- Using PYTHON_LIBRARIES: /usr/lib/x86_64-linux-gnu/libpython3.10.so
[1.712s] -- Found PythonExtra: .so  
[1.753s] -- Configuring done
[1.793s] -- Generating done
[1.795s] -- Build files have been written to: /home/das/eyrc_hb/hb_task1a_ws/build/turtlesim
[1.805s] Invoked command in '/home/das/eyrc_hb/hb_task1a_ws/build/turtlesim' returned '0': CMAKE_PREFIX_PATH=${CMAKE_PREFIX_PATH}:/home/das/eyrc_hb/hb_task1a_ws/install/hb_task_1a:/opt/ros/humble /usr/bin/cmake /home/das/eyrc_hb/hb_task1a_ws/src/turtlesim -DAMENT_CMAKE_SYMLINK_INSTALL=1 -DCMAKE_INSTALL_PREFIX=/home/das/eyrc_hb/hb_task1a_ws/install/turtlesim
[1.807s] Invoking command in '/home/das/eyrc_hb/hb_task1a_ws/build/turtlesim': CMAKE_PREFIX_PATH=${CMAKE_PREFIX_PATH}:/home/das/eyrc_hb/hb_task1a_ws/install/hb_task_1a:/opt/ros/humble /usr/bin/cmake --build /home/das/eyrc_hb/hb_task1a_ws/build/turtlesim -- -j12 -l12
[1.835s] [  1%] [34m[1mGenerating C code for ROS interfaces[0m
[1.841s] [  2%] [34m[1mGenerating C++ code for ROS interfaces[0m
[1.846s] [  2%] Built target ament_cmake_python_symlink_turtlesim
[2.041s] running egg_info
[2.041s] creating turtlesim.egg-info
[2.041s] writing turtlesim.egg-info/PKG-INFO
[2.041s] writing dependency_links to turtlesim.egg-info/dependency_links.txt
[2.041s] writing top-level names to turtlesim.egg-info/top_level.txt
[2.041s] writing manifest file 'turtlesim.egg-info/SOURCES.txt'
[2.043s] reading manifest file 'turtlesim.egg-info/SOURCES.txt'
[2.043s] writing manifest file 'turtlesim.egg-info/SOURCES.txt'
[2.066s] [  2%] Built target ament_cmake_python_build_turtlesim_egg
[2.518s] [  2%] Built target turtlesim__cpp
[2.532s] [  3%] [34m[1mGenerating C++ type support dispatch for ROS interfaces[0m
[2.536s] [  5%] [34m[1mGenerating C++ introspection for ROS interfaces[0m
[2.536s] [  5%] [34m[1mGenerating C++ type support for eProsima Fast-RTPS[0m
[2.584s] [  6%] [32mBuilding C object CMakeFiles/turtlesim__rosidl_generator_c.dir/rosidl_generator_c/turtlesim/srv/detail/kill__functions.c.o[0m
[2.584s] [  7%] [32mBuilding C object CMakeFiles/turtlesim__rosidl_generator_c.dir/rosidl_generator_c/turtlesim/action/detail/rotate_absolute__functions.c.o[0m
[2.584s] [  8%] [32mBuilding C object CMakeFiles/turtlesim__rosidl_generator_c.dir/rosidl_generator_c/turtlesim/msg/detail/pose__functions.c.o[0m
[2.584s] [  9%] [32mBuilding C object CMakeFiles/turtlesim__rosidl_generator_c.dir/rosidl_generator_c/turtlesim/msg/detail/color__functions.c.o[0m
[2.585s] [ 10%] [32mBuilding C object CMakeFiles/turtlesim__rosidl_generator_c.dir/rosidl_generator_c/turtlesim/srv/detail/set_pen__functions.c.o[0m
[2.586s] [ 11%] [32mBuilding C object CMakeFiles/turtlesim__rosidl_generator_c.dir/rosidl_generator_c/turtlesim/srv/detail/teleport_relative__functions.c.o[0m
[2.586s] [ 12%] [32mBuilding C object CMakeFiles/turtlesim__rosidl_generator_c.dir/rosidl_generator_c/turtlesim/srv/detail/spawn__functions.c.o[0m
[2.587s] [ 13%] [32mBuilding C object CMakeFiles/turtlesim__rosidl_generator_c.dir/rosidl_generator_c/turtlesim/srv/detail/teleport_absolute__functions.c.o[0m
[2.733s] [ 14%] [32m[1mLinking C shared library libturtlesim__rosidl_generator_c.so[0m
[2.764s] [ 14%] Built target turtlesim__rosidl_generator_c
[2.772s] [ 17%] [34m[1mGenerating C introspection for ROS interfaces[0m
[2.773s] [ 17%] [34m[1mGenerating C type support for eProsima Fast-RTPS[0m
[2.773s] [ 17%] [34m[1mGenerating C type support dispatch for ROS interfaces[0m
[3.086s] [ 20%] [32mBuilding CXX object CMakeFiles/turtlesim__rosidl_typesupport_cpp.dir/rosidl_typesupport_cpp/turtlesim/msg/pose__type_support.cpp.o[0m
[3.086s] [ 20%] [32mBuilding CXX object CMakeFiles/turtlesim__rosidl_typesupport_cpp.dir/rosidl_typesupport_cpp/turtlesim/msg/color__type_support.cpp.o[0m
[3.086s] [ 20%] [32mBuilding CXX object CMakeFiles/turtlesim__rosidl_typesupport_cpp.dir/rosidl_typesupport_cpp/turtlesim/action/rotate_absolute__type_support.cpp.o[0m
[3.086s] [ 21%] [32mBuilding CXX object CMakeFiles/turtlesim__rosidl_typesupport_cpp.dir/rosidl_typesupport_cpp/turtlesim/srv/kill__type_support.cpp.o[0m
[3.086s] [ 22%] [32mBuilding CXX object CMakeFiles/turtlesim__rosidl_typesupport_cpp.dir/rosidl_typesupport_cpp/turtlesim/srv/spawn__type_support.cpp.o[0m
[3.087s] [ 23%] [32mBuilding CXX object CMakeFiles/turtlesim__rosidl_typesupport_cpp.dir/rosidl_typesupport_cpp/turtlesim/srv/set_pen__type_support.cpp.o[0m
[3.091s] [ 24%] [32mBuilding CXX object CMakeFiles/turtlesim__rosidl_typesupport_cpp.dir/rosidl_typesupport_cpp/turtlesim/srv/teleport_absolute__type_support.cpp.o[0m
[3.538s] [ 25%] [32mBuilding CXX object CMakeFiles/turtlesim__rosidl_typesupport_cpp.dir/rosidl_typesupport_cpp/turtlesim/srv/teleport_relative__type_support.cpp.o[0m
[3.550s] [ 29%] [32mBuilding CXX object CMakeFiles/turtlesim__rosidl_typesupport_introspection_cpp.dir/rosidl_typesupport_introspection_cpp/turtlesim/action/detail/rotate_absolute__type_support.cpp.o[0m
[3.550s] [ 29%] [32mBuilding CXX object CMakeFiles/turtlesim__rosidl_typesupport_introspection_cpp.dir/rosidl_typesupport_introspection_cpp/turtlesim/srv/detail/kill__type_support.cpp.o[0m
[3.551s] [ 29%] [32mBuilding CXX object CMakeFiles/turtlesim__rosidl_typesupport_introspection_cpp.dir/rosidl_typesupport_introspection_cpp/turtlesim/msg/detail/color__type_support.cpp.o[0m
[3.551s] [ 29%] [32mBuilding CXX object CMakeFiles/turtlesim__rosidl_typesupport_introspection_cpp.dir/rosidl_typesupport_introspection_cpp/turtlesim/msg/detail/pose__type_support.cpp.o[0m
[3.563s] [ 30%] [32mBuilding CXX object CMakeFiles/turtlesim__rosidl_typesupport_introspection_cpp.dir/rosidl_typesupport_introspection_cpp/turtlesim/srv/detail/set_pen__type_support.cpp.o[0m
[3.572s] [ 31%] [32mBuilding CXX object CMakeFiles/turtlesim__rosidl_typesupport_c.dir/rosidl_typesupport_c/turtlesim/msg/color__type_support.cpp.o[0m
[3.588s] [ 32%] [32mBuilding CXX object CMakeFiles/turtlesim__rosidl_typesupport_c.dir/rosidl_typesupport_c/turtlesim/action/rotate_absolute__type_support.cpp.o[0m
[3.633s] [ 33%] [32mBuilding CXX object CMakeFiles/turtlesim__rosidl_typesupport_c.dir/rosidl_typesupport_c/turtlesim/msg/pose__type_support.cpp.o[0m
[3.684s] [ 34%] [32mBuilding CXX object CMakeFiles/turtlesim__rosidl_typesupport_c.dir/rosidl_typesupport_c/turtlesim/srv/kill__type_support.cpp.o[0m
[3.740s] [ 35%] [32mBuilding CXX object CMakeFiles/turtlesim__rosidl_typesupport_c.dir/rosidl_typesupport_c/turtlesim/srv/set_pen__type_support.cpp.o[0m
[3.755s] [ 36%] [32mBuilding CXX object CMakeFiles/turtlesim__rosidl_typesupport_c.dir/rosidl_typesupport_c/turtlesim/srv/spawn__type_support.cpp.o[0m
[3.780s] [ 37%] [32mBuilding CXX object CMakeFiles/turtlesim__rosidl_typesupport_fastrtps_cpp.dir/rosidl_typesupport_fastrtps_cpp/turtlesim/action/detail/dds_fastrtps/rotate_absolute__type_support.cpp.o[0m
[3.794s] [ 38%] [32mBuilding CXX object CMakeFiles/turtlesim__rosidl_typesupport_fastrtps_cpp.dir/rosidl_typesupport_fastrtps_cpp/turtlesim/msg/detail/dds_fastrtps/color__type_support.cpp.o[0m
[3.809s] [ 39%] [32mBuilding CXX object CMakeFiles/turtlesim__rosidl_typesupport_c.dir/rosidl_typesupport_c/turtlesim/srv/teleport_absolute__type_support.cpp.o[0m
[3.870s] [ 40%] [32mBuilding CXX object CMakeFiles/turtlesim__rosidl_typesupport_c.dir/rosidl_typesupport_c/turtlesim/srv/teleport_relative__type_support.cpp.o[0m
[3.918s] [ 41%] [32m[1mLinking CXX shared library libturtlesim__rosidl_typesupport_c.so[0m
[3.959s] [ 42%] [32mBuilding CXX object CMakeFiles/turtlesim__rosidl_typesupport_introspection_cpp.dir/rosidl_typesupport_introspection_cpp/turtlesim/srv/detail/spawn__type_support.cpp.o[0m
[3.985s] [ 43%] [32mBuilding C object CMakeFiles/turtlesim__rosidl_typesupport_introspection_c.dir/rosidl_typesupport_introspection_c/turtlesim/action/detail/rotate_absolute__type_support.c.o[0m
[3.995s] [ 43%] Built target turtlesim__rosidl_typesupport_c
[3.999s] [ 44%] [32m[1mLinking CXX shared library libturtlesim__rosidl_typesupport_cpp.so[0m
[4.009s] [ 45%] [32mBuilding C object CMakeFiles/turtlesim__rosidl_typesupport_introspection_c.dir/rosidl_typesupport_introspection_c/turtlesim/msg/detail/color__type_support.c.o[0m
[4.066s] [ 46%] [32mBuilding C object CMakeFiles/turtlesim__rosidl_typesupport_introspection_c.dir/rosidl_typesupport_introspection_c/turtlesim/msg/detail/pose__type_support.c.o[0m
[4.072s] [ 46%] Built target turtlesim__rosidl_typesupport_cpp
[4.075s] [ 47%] [32mBuilding C object CMakeFiles/turtlesim__rosidl_typesupport_introspection_c.dir/rosidl_typesupport_introspection_c/turtlesim/srv/detail/kill__type_support.c.o[0m
[4.088s] [ 48%] [34m[1mGenerating include/turtlesim/moc_turtle_frame.cpp[0m
[4.137s] [ 49%] [32mBuilding C object CMakeFiles/turtlesim__rosidl_typesupport_introspection_c.dir/rosidl_typesupport_introspection_c/turtlesim/srv/detail/set_pen__type_support.c.o[0m
[4.142s] [ 50%] [32mBuilding CXX object CMakeFiles/turtle_teleop_key.dir/tutorials/teleop_turtle_key.cpp.o[0m
[4.175s] [ 51%] [32mBuilding CXX object CMakeFiles/turtlesim__rosidl_typesupport_fastrtps_c.dir/rosidl_typesupport_fastrtps_c/turtlesim/action/detail/rotate_absolute__type_support_c.cpp.o[0m
[4.187s] [ 52%] [32mBuilding C object CMakeFiles/turtlesim__rosidl_typesupport_introspection_c.dir/rosidl_typesupport_introspection_c/turtlesim/srv/detail/spawn__type_support.c.o[0m
[4.200s] [ 54%] [32mBuilding CXX object CMakeFiles/turtlesim__rosidl_typesupport_introspection_cpp.dir/rosidl_typesupport_introspection_cpp/turtlesim/srv/detail/teleport_absolute__type_support.cpp.o[0m
[4.200s] [ 54%] [32mBuilding CXX object CMakeFiles/turtlesim__rosidl_typesupport_fastrtps_c.dir/rosidl_typesupport_fastrtps_c/turtlesim/msg/detail/color__type_support_c.cpp.o[0m
[4.209s] [ 55%] [32mBuilding CXX object CMakeFiles/turtlesim_node.dir/src/turtlesim.cpp.o[0m
[4.218s] [ 56%] [32mBuilding CXX object CMakeFiles/turtlesim__rosidl_typesupport_fastrtps_c.dir/rosidl_typesupport_fastrtps_c/turtlesim/msg/detail/pose__type_support_c.cpp.o[0m
[4.219s] [ 57%] [32mBuilding CXX object CMakeFiles/turtlesim_node.dir/src/turtle.cpp.o[0m
[4.240s] [ 58%] [32mBuilding C object CMakeFiles/turtlesim__rosidl_typesupport_introspection_c.dir/rosidl_typesupport_introspection_c/turtlesim/srv/detail/teleport_absolute__type_support.c.o[0m
[4.295s] [ 59%] [32mBuilding C object CMakeFiles/turtlesim__rosidl_typesupport_introspection_c.dir/rosidl_typesupport_introspection_c/turtlesim/srv/detail/teleport_relative__type_support.c.o[0m
[4.351s] [ 60%] [32m[1mLinking C shared library libturtlesim__rosidl_typesupport_introspection_c.so[0m
[4.402s] [ 60%] Built target turtlesim__rosidl_typesupport_introspection_c
[4.434s] [ 61%] [32mBuilding CXX object CMakeFiles/draw_square.dir/tutorials/draw_square.cpp.o[0m
[4.452s] [ 62%] [32mBuilding CXX object CMakeFiles/turtlesim__rosidl_typesupport_fastrtps_cpp.dir/rosidl_typesupport_fastrtps_cpp/turtlesim/msg/detail/dds_fastrtps/pose__type_support.cpp.o[0m
[4.596s] [ 63%] [32mBuilding CXX object CMakeFiles/turtlesim__rosidl_typesupport_introspection_cpp.dir/rosidl_typesupport_introspection_cpp/turtlesim/srv/detail/teleport_relative__type_support.cpp.o[0m
[4.602s] [ 64%] [32mBuilding CXX object CMakeFiles/turtlesim__rosidl_typesupport_fastrtps_cpp.dir/rosidl_typesupport_fastrtps_cpp/turtlesim/srv/detail/dds_fastrtps/kill__type_support.cpp.o[0m
[4.752s] [ 65%] [32mBuilding CXX object CMakeFiles/turtlesim__rosidl_typesupport_fastrtps_cpp.dir/rosidl_typesupport_fastrtps_cpp/turtlesim/srv/detail/dds_fastrtps/set_pen__type_support.cpp.o[0m
[4.789s] [ 66%] [32mBuilding CXX object CMakeFiles/turtlesim__rosidl_typesupport_fastrtps_c.dir/rosidl_typesupport_fastrtps_c/turtlesim/srv/detail/kill__type_support_c.cpp.o[0m
[4.816s] [ 67%] [32mBuilding CXX object CMakeFiles/turtlesim__rosidl_typesupport_fastrtps_c.dir/rosidl_typesupport_fastrtps_c/turtlesim/srv/detail/set_pen__type_support_c.cpp.o[0m
[4.846s] [ 68%] [32mBuilding CXX object CMakeFiles/turtlesim__rosidl_typesupport_fastrtps_c.dir/rosidl_typesupport_fastrtps_c/turtlesim/srv/detail/spawn__type_support_c.cpp.o[0m
[4.881s] [ 69%] [32mBuilding CXX object CMakeFiles/turtlesim__rosidl_typesupport_fastrtps_c.dir/rosidl_typesupport_fastrtps_c/turtlesim/srv/detail/teleport_absolute__type_support_c.cpp.o[0m
[5.144s] [ 70%] [32mBuilding CXX object CMakeFiles/turtlesim__rosidl_typesupport_fastrtps_c.dir/rosidl_typesupport_fastrtps_c/turtlesim/srv/detail/teleport_relative__type_support_c.cpp.o[0m
[5.269s] [ 71%] [32m[1mLinking CXX shared library libturtlesim__rosidl_typesupport_introspection_cpp.so[0m
[5.312s] [ 72%] [32mBuilding CXX object CMakeFiles/turtlesim__rosidl_typesupport_fastrtps_cpp.dir/rosidl_typesupport_fastrtps_cpp/turtlesim/srv/detail/dds_fastrtps/spawn__type_support.cpp.o[0m
[5.381s] [ 73%] [32mBuilding CXX object CMakeFiles/turtlesim__rosidl_typesupport_fastrtps_cpp.dir/rosidl_typesupport_fastrtps_cpp/turtlesim/srv/detail/dds_fastrtps/teleport_absolute__type_support.cpp.o[0m
[5.411s] [ 74%] [32mBuilding CXX object CMakeFiles/turtlesim__rosidl_typesupport_fastrtps_cpp.dir/rosidl_typesupport_fastrtps_cpp/turtlesim/srv/detail/dds_fastrtps/teleport_relative__type_support.cpp.o[0m
[5.421s] [ 74%] Built target turtlesim__rosidl_typesupport_introspection_cpp
[5.444s] [ 75%] [32mBuilding CXX object CMakeFiles/turtlesim_node.dir/src/turtle_frame.cpp.o[0m
[5.453s] [ 76%] [32mBuilding CXX object CMakeFiles/mimic.dir/tutorials/mimic.cpp.o[0m
[5.456s] [ 77%] [32mBuilding CXX object CMakeFiles/turtlesim_node.dir/include/turtlesim/moc_turtle_frame.cpp.o[0m
[5.774s] [ 78%] [32m[1mLinking CXX shared library libturtlesim__rosidl_typesupport_fastrtps_c.so[0m
[5.921s] [ 78%] Built target turtlesim__rosidl_typesupport_fastrtps_c
[6.011s] [ 79%] [32m[1mLinking CXX shared library libturtlesim__rosidl_typesupport_fastrtps_cpp.so[0m
[6.088s] [ 79%] Built target turtlesim__rosidl_typesupport_fastrtps_cpp
[6.107s] [ 79%] Built target turtlesim
[6.126s] [ 80%] [34m[1mGenerating Python code for ROS interfaces[0m
[7.824s] [ 80%] Built target turtlesim__py
[7.846s] [ 82%] [32mBuilding C object CMakeFiles/turtlesim__rosidl_generator_py.dir/rosidl_generator_py/turtlesim/srv/_kill_s.c.o[0m
[7.846s] [ 84%] [32mBuilding C object CMakeFiles/turtlesim__rosidl_generator_py.dir/rosidl_generator_py/turtlesim/action/_rotate_absolute_s.c.o[0m
[7.846s] [ 84%] [32mBuilding C object CMakeFiles/turtlesim__rosidl_generator_py.dir/rosidl_generator_py/turtlesim/msg/_color_s.c.o[0m
[7.847s] [ 84%] [32mBuilding C object CMakeFiles/turtlesim__rosidl_generator_py.dir/rosidl_generator_py/turtlesim/msg/_pose_s.c.o[0m
[7.847s] [ 85%] [32mBuilding C object CMakeFiles/turtlesim__rosidl_generator_py.dir/rosidl_generator_py/turtlesim/srv/_set_pen_s.c.o[0m
[8.004s] [ 86%] [32mBuilding C object CMakeFiles/turtlesim__rosidl_generator_py.dir/rosidl_generator_py/turtlesim/srv/_spawn_s.c.o[0m
[8.012s] [ 87%] [32mBuilding C object CMakeFiles/turtlesim__rosidl_generator_py.dir/rosidl_generator_py/turtlesim/srv/_teleport_absolute_s.c.o[0m
[8.015s] [ 88%] [32mBuilding C object CMakeFiles/turtlesim__rosidl_generator_py.dir/rosidl_generator_py/turtlesim/srv/_teleport_relative_s.c.o[0m
[8.182s] [ 89%] [32m[1mLinking C shared library rosidl_generator_py/turtlesim/libturtlesim__rosidl_generator_py.so[0m
[8.221s] [ 89%] Built target turtlesim__rosidl_generator_py
[8.244s] [ 90%] [32mBuilding C object CMakeFiles/turtlesim__rosidl_typesupport_fastrtps_c__pyext.dir/rosidl_generator_py/turtlesim/_turtlesim_s.ep.rosidl_typesupport_fastrtps_c.c.o[0m
[8.247s] [ 91%] [32mBuilding C object CMakeFiles/turtlesim__rosidl_typesupport_introspection_c__pyext.dir/rosidl_generator_py/turtlesim/_turtlesim_s.ep.rosidl_typesupport_introspection_c.c.o[0m
[8.248s] [ 92%] [32mBuilding C object CMakeFiles/turtlesim__rosidl_typesupport_c__pyext.dir/rosidl_generator_py/turtlesim/_turtlesim_s.ep.rosidl_typesupport_c.c.o[0m
[8.484s] [ 93%] [32m[1mLinking C shared library rosidl_generator_py/turtlesim/turtlesim_s__rosidl_typesupport_c.cpython-310-x86_64-linux-gnu.so[0m
[8.491s] [ 94%] [32m[1mLinking C shared library rosidl_generator_py/turtlesim/turtlesim_s__rosidl_typesupport_fastrtps_c.cpython-310-x86_64-linux-gnu.so[0m
[8.519s] [ 95%] [32m[1mLinking C shared library rosidl_generator_py/turtlesim/turtlesim_s__rosidl_typesupport_introspection_c.cpython-310-x86_64-linux-gnu.so[0m
[8.527s] [ 95%] Built target turtlesim__rosidl_typesupport_c__pyext
[8.554s] [ 95%] Built target turtlesim__rosidl_typesupport_fastrtps_c__pyext
[8.561s] [ 95%] Built target turtlesim__rosidl_typesupport_introspection_c__pyext
[11.293s] [ 96%] [32m[1mLinking CXX executable turtle_teleop_key[0m
[11.515s] [ 96%] Built target turtle_teleop_key
[14.248s] [ 97%] [32m[1mLinking CXX executable mimic[0m
[14.561s] [ 97%] Built target mimic
[15.603s] [ 98%] [32m[1mLinking CXX executable draw_square[0m
[15.953s] [ 98%] Built target draw_square
[17.674s] [100%] [32m[1mLinking CXX executable turtlesim_node[0m
[19.260s] [100%] Built target turtlesim_node
[19.267s] Invoked command in '/home/das/eyrc_hb/hb_task1a_ws/build/turtlesim' returned '0': CMAKE_PREFIX_PATH=${CMAKE_PREFIX_PATH}:/home/das/eyrc_hb/hb_task1a_ws/install/hb_task_1a:/opt/ros/humble /usr/bin/cmake --build /home/das/eyrc_hb/hb_task1a_ws/build/turtlesim -- -j12 -l12
[19.382s] Invoking command in '/home/das/eyrc_hb/hb_task1a_ws/build/turtlesim': CMAKE_PREFIX_PATH=${CMAKE_PREFIX_PATH}:/home/das/eyrc_hb/hb_task1a_ws/install/hb_task_1a:/opt/ros/humble /usr/bin/cmake --install /home/das/eyrc_hb/hb_task1a_ws/build/turtlesim
[19.387s] -- Install configuration: ""
[19.387s] -- Execute custom install script
[19.387s] -- Symlinking: /home/das/eyrc_hb/hb_task1a_ws/install/turtlesim/share/ament_index/resource_index/rosidl_interfaces/turtlesim
[19.393s] -- Symlinking: /home/das/eyrc_hb/hb_task1a_ws/install/turtlesim/include/turtlesim/turtlesim/action/detail/rotate_absolute__functions.h
[19.398s] -- Symlinking: /home/das/eyrc_hb/hb_task1a_ws/install/turtlesim/include/turtlesim/turtlesim/action/detail/rotate_absolute__struct.h
[19.403s] -- Symlinking: /home/das/eyrc_hb/hb_task1a_ws/install/turtlesim/include/turtlesim/turtlesim/action/detail/rotate_absolute__type_support.h
[19.407s] -- Symlinking: /home/das/eyrc_hb/hb_task1a_ws/install/turtlesim/include/turtlesim/turtlesim/action/rotate_absolute.h
[19.412s] -- Symlinking: /home/das/eyrc_hb/hb_task1a_ws/install/turtlesim/include/turtlesim/turtlesim/msg/color.h
[19.417s] -- Symlinking: /home/das/eyrc_hb/hb_task1a_ws/install/turtlesim/include/turtlesim/turtlesim/msg/detail/color__functions.h
[19.421s] -- Symlinking: /home/das/eyrc_hb/hb_task1a_ws/install/turtlesim/include/turtlesim/turtlesim/msg/detail/color__struct.h
[19.426s] -- Symlinking: /home/das/eyrc_hb/hb_task1a_ws/install/turtlesim/include/turtlesim/turtlesim/msg/detail/color__type_support.h
[19.430s] -- Symlinking: /home/das/eyrc_hb/hb_task1a_ws/install/turtlesim/include/turtlesim/turtlesim/msg/detail/pose__functions.h
[19.435s] -- Symlinking: /home/das/eyrc_hb/hb_task1a_ws/install/turtlesim/include/turtlesim/turtlesim/msg/detail/pose__struct.h
[19.440s] -- Symlinking: /home/das/eyrc_hb/hb_task1a_ws/install/turtlesim/include/turtlesim/turtlesim/msg/detail/pose__type_support.h
[19.445s] -- Symlinking: /home/das/eyrc_hb/hb_task1a_ws/install/turtlesim/include/turtlesim/turtlesim/msg/pose.h
[19.450s] -- Symlinking: /home/das/eyrc_hb/hb_task1a_ws/install/turtlesim/include/turtlesim/turtlesim/msg/rosidl_generator_c__visibility_control.h
[19.455s] -- Symlinking: /home/das/eyrc_hb/hb_task1a_ws/install/turtlesim/include/turtlesim/turtlesim/srv/detail/kill__functions.h
[19.460s] -- Symlinking: /home/das/eyrc_hb/hb_task1a_ws/install/turtlesim/include/turtlesim/turtlesim/srv/detail/kill__struct.h
[19.465s] -- Symlinking: /home/das/eyrc_hb/hb_task1a_ws/install/turtlesim/include/turtlesim/turtlesim/srv/detail/kill__type_support.h
[19.469s] -- Symlinking: /home/das/eyrc_hb/hb_task1a_ws/install/turtlesim/include/turtlesim/turtlesim/srv/detail/set_pen__functions.h
[19.474s] -- Symlinking: /home/das/eyrc_hb/hb_task1a_ws/install/turtlesim/include/turtlesim/turtlesim/srv/detail/set_pen__struct.h
[19.479s] -- Symlinking: /home/das/eyrc_hb/hb_task1a_ws/install/turtlesim/include/turtlesim/turtlesim/srv/detail/set_pen__type_support.h
[19.484s] -- Symlinking: /home/das/eyrc_hb/hb_task1a_ws/install/turtlesim/include/turtlesim/turtlesim/srv/detail/spawn__functions.h
[19.489s] -- Symlinking: /home/das/eyrc_hb/hb_task1a_ws/install/turtlesim/include/turtlesim/turtlesim/srv/detail/spawn__struct.h
[19.494s] -- Symlinking: /home/das/eyrc_hb/hb_task1a_ws/install/turtlesim/include/turtlesim/turtlesim/srv/detail/spawn__type_support.h
[19.498s] -- Symlinking: /home/das/eyrc_hb/hb_task1a_ws/install/turtlesim/include/turtlesim/turtlesim/srv/detail/teleport_absolute__functions.h
[19.504s] -- Symlinking: /home/das/eyrc_hb/hb_task1a_ws/install/turtlesim/include/turtlesim/turtlesim/srv/detail/teleport_absolute__struct.h
[19.508s] -- Symlinking: /home/das/eyrc_hb/hb_task1a_ws/install/turtlesim/include/turtlesim/turtlesim/srv/detail/teleport_absolute__type_support.h
[19.513s] -- Symlinking: /home/das/eyrc_hb/hb_task1a_ws/install/turtlesim/include/turtlesim/turtlesim/srv/detail/teleport_relative__functions.h
[19.518s] -- Symlinking: /home/das/eyrc_hb/hb_task1a_ws/install/turtlesim/include/turtlesim/turtlesim/srv/detail/teleport_relative__struct.h
[19.523s] -- Symlinking: /home/das/eyrc_hb/hb_task1a_ws/install/turtlesim/include/turtlesim/turtlesim/srv/detail/teleport_relative__type_support.h
[19.528s] -- Symlinking: /home/das/eyrc_hb/hb_task1a_ws/install/turtlesim/include/turtlesim/turtlesim/srv/kill.h
[19.532s] -- Symlinking: /home/das/eyrc_hb/hb_task1a_ws/install/turtlesim/include/turtlesim/turtlesim/srv/set_pen.h
[19.538s] -- Symlinking: /home/das/eyrc_hb/hb_task1a_ws/install/turtlesim/include/turtlesim/turtlesim/srv/spawn.h
[19.543s] -- Symlinking: /home/das/eyrc_hb/hb_task1a_ws/install/turtlesim/include/turtlesim/turtlesim/srv/teleport_absolute.h
[19.547s] -- Symlinking: /home/das/eyrc_hb/hb_task1a_ws/install/turtlesim/include/turtlesim/turtlesim/srv/teleport_relative.h
[19.552s] -- Symlinking: /home/das/eyrc_hb/hb_task1a_ws/install/turtlesim/share/turtlesim/environment/library_path.sh
[19.557s] -- Symlinking: /home/das/eyrc_hb/hb_task1a_ws/install/turtlesim/share/turtlesim/environment/library_path.dsv
[19.562s] -- Symlinking: /home/das/eyrc_hb/hb_task1a_ws/install/turtlesim/include/turtlesim/turtlesim/action/detail/rotate_absolute__rosidl_typesupport_fastrtps_c.h
[19.567s] -- Symlinking: /home/das/eyrc_hb/hb_task1a_ws/install/turtlesim/include/turtlesim/turtlesim/msg/detail/color__rosidl_typesupport_fastrtps_c.h
[19.572s] -- Symlinking: /home/das/eyrc_hb/hb_task1a_ws/install/turtlesim/include/turtlesim/turtlesim/msg/detail/pose__rosidl_typesupport_fastrtps_c.h
[19.576s] -- Symlinking: /home/das/eyrc_hb/hb_task1a_ws/install/turtlesim/include/turtlesim/turtlesim/msg/rosidl_typesupport_fastrtps_c__visibility_control.h
[19.582s] -- Symlinking: /home/das/eyrc_hb/hb_task1a_ws/install/turtlesim/include/turtlesim/turtlesim/srv/detail/kill__rosidl_typesupport_fastrtps_c.h
[19.587s] -- Symlinking: /home/das/eyrc_hb/hb_task1a_ws/install/turtlesim/include/turtlesim/turtlesim/srv/detail/set_pen__rosidl_typesupport_fastrtps_c.h
[19.592s] -- Symlinking: /home/das/eyrc_hb/hb_task1a_ws/install/turtlesim/include/turtlesim/turtlesim/srv/detail/spawn__rosidl_typesupport_fastrtps_c.h
[19.597s] -- Symlinking: /home/das/eyrc_hb/hb_task1a_ws/install/turtlesim/include/turtlesim/turtlesim/srv/detail/teleport_absolute__rosidl_typesupport_fastrtps_c.h
[19.601s] -- Symlinking: /home/das/eyrc_hb/hb_task1a_ws/install/turtlesim/include/turtlesim/turtlesim/srv/detail/teleport_relative__rosidl_typesupport_fastrtps_c.h
[19.607s] -- Symlinking: /home/das/eyrc_hb/hb_task1a_ws/install/turtlesim/include/turtlesim/turtlesim/action/detail/rotate_absolute__builder.hpp
[19.611s] -- Symlinking: /home/das/eyrc_hb/hb_task1a_ws/install/turtlesim/include/turtlesim/turtlesim/action/detail/rotate_absolute__struct.hpp
[19.616s] -- Symlinking: /home/das/eyrc_hb/hb_task1a_ws/install/turtlesim/include/turtlesim/turtlesim/action/detail/rotate_absolute__traits.hpp
[19.620s] -- Symlinking: /home/das/eyrc_hb/hb_task1a_ws/install/turtlesim/include/turtlesim/turtlesim/action/rotate_absolute.hpp
[19.625s] -- Symlinking: /home/das/eyrc_hb/hb_task1a_ws/install/turtlesim/include/turtlesim/turtlesim/msg/color.hpp
[19.629s] -- Symlinking: /home/das/eyrc_hb/hb_task1a_ws/install/turtlesim/include/turtlesim/turtlesim/msg/detail/color__builder.hpp
[19.634s] -- Symlinking: /home/das/eyrc_hb/hb_task1a_ws/install/turtlesim/include/turtlesim/turtlesim/msg/detail/color__struct.hpp
[19.639s] -- Symlinking: /home/das/eyrc_hb/hb_task1a_ws/install/turtlesim/include/turtlesim/turtlesim/msg/detail/color__traits.hpp
[19.644s] -- Symlinking: /home/das/eyrc_hb/hb_task1a_ws/install/turtlesim/include/turtlesim/turtlesim/msg/detail/pose__builder.hpp
[19.649s] -- Symlinking: /home/das/eyrc_hb/hb_task1a_ws/install/turtlesim/include/turtlesim/turtlesim/msg/detail/pose__struct.hpp
[19.654s] -- Symlinking: /home/das/eyrc_hb/hb_task1a_ws/install/turtlesim/include/turtlesim/turtlesim/msg/detail/pose__traits.hpp
[19.659s] -- Symlinking: /home/das/eyrc_hb/hb_task1a_ws/install/turtlesim/include/turtlesim/turtlesim/msg/pose.hpp
[19.663s] -- Symlinking: /home/das/eyrc_hb/hb_task1a_ws/install/turtlesim/include/turtlesim/turtlesim/srv/detail/kill__builder.hpp
[19.668s] -- Symlinking: /home/das/eyrc_hb/hb_task1a_ws/install/turtlesim/include/turtlesim/turtlesim/srv/detail/kill__struct.hpp
[19.673s] -- Symlinking: /home/das/eyrc_hb/hb_task1a_ws/install/turtlesim/include/turtlesim/turtlesim/srv/detail/kill__traits.hpp
[19.678s] -- Symlinking: /home/das/eyrc_hb/hb_task1a_ws/install/turtlesim/include/turtlesim/turtlesim/srv/detail/set_pen__builder.hpp
[19.683s] -- Symlinking: /home/das/eyrc_hb/hb_task1a_ws/install/turtlesim/include/turtlesim/turtlesim/srv/detail/set_pen__struct.hpp
[19.689s] -- Symlinking: /home/das/eyrc_hb/hb_task1a_ws/install/turtlesim/include/turtlesim/turtlesim/srv/detail/set_pen__traits.hpp
[19.693s] -- Symlinking: /home/das/eyrc_hb/hb_task1a_ws/install/turtlesim/include/turtlesim/turtlesim/srv/detail/spawn__builder.hpp
[19.698s] -- Symlinking: /home/das/eyrc_hb/hb_task1a_ws/install/turtlesim/include/turtlesim/turtlesim/srv/detail/spawn__struct.hpp
[19.703s] -- Symlinking: /home/das/eyrc_hb/hb_task1a_ws/install/turtlesim/include/turtlesim/turtlesim/srv/detail/spawn__traits.hpp
[19.708s] -- Symlinking: /home/das/eyrc_hb/hb_task1a_ws/install/turtlesim/include/turtlesim/turtlesim/srv/detail/teleport_absolute__builder.hpp
[19.713s] -- Symlinking: /home/das/eyrc_hb/hb_task1a_ws/install/turtlesim/include/turtlesim/turtlesim/srv/detail/teleport_absolute__struct.hpp
[19.718s] -- Symlinking: /home/das/eyrc_hb/hb_task1a_ws/install/turtlesim/include/turtlesim/turtlesim/srv/detail/teleport_absolute__traits.hpp
[19.722s] -- Symlinking: /home/das/eyrc_hb/hb_task1a_ws/install/turtlesim/include/turtlesim/turtlesim/srv/detail/teleport_relative__builder.hpp
[19.727s] -- Symlinking: /home/das/eyrc_hb/hb_task1a_ws/install/turtlesim/include/turtlesim/turtlesim/srv/detail/teleport_relative__struct.hpp
[19.732s] -- Symlinking: /home/das/eyrc_hb/hb_task1a_ws/install/turtlesim/include/turtlesim/turtlesim/srv/detail/teleport_relative__traits.hpp
[19.737s] -- Symlinking: /home/das/eyrc_hb/hb_task1a_ws/install/turtlesim/include/turtlesim/turtlesim/srv/kill.hpp
[19.742s] -- Symlinking: /home/das/eyrc_hb/hb_task1a_ws/install/turtlesim/include/turtlesim/turtlesim/srv/set_pen.hpp
[19.747s] -- Symlinking: /home/das/eyrc_hb/hb_task1a_ws/install/turtlesim/include/turtlesim/turtlesim/srv/spawn.hpp
[19.751s] -- Symlinking: /home/das/eyrc_hb/hb_task1a_ws/install/turtlesim/include/turtlesim/turtlesim/srv/teleport_absolute.hpp
[19.756s] -- Symlinking: /home/das/eyrc_hb/hb_task1a_ws/install/turtlesim/include/turtlesim/turtlesim/srv/teleport_relative.hpp
[19.761s] -- Symlinking: /home/das/eyrc_hb/hb_task1a_ws/install/turtlesim/include/turtlesim/turtlesim/action/detail/rotate_absolute__rosidl_typesupport_fastrtps_cpp.hpp
[19.766s] -- Symlinking: /home/das/eyrc_hb/hb_task1a_ws/install/turtlesim/include/turtlesim/turtlesim/msg/detail/color__rosidl_typesupport_fastrtps_cpp.hpp
[19.771s] -- Symlinking: /home/das/eyrc_hb/hb_task1a_ws/install/turtlesim/include/turtlesim/turtlesim/msg/detail/pose__rosidl_typesupport_fastrtps_cpp.hpp
[19.775s] -- Symlinking: /home/das/eyrc_hb/hb_task1a_ws/install/turtlesim/include/turtlesim/turtlesim/msg/rosidl_typesupport_fastrtps_cpp__visibility_control.h
[19.781s] -- Symlinking: /home/das/eyrc_hb/hb_task1a_ws/install/turtlesim/include/turtlesim/turtlesim/srv/detail/kill__rosidl_typesupport_fastrtps_cpp.hpp
[19.786s] -- Symlinking: /home/das/eyrc_hb/hb_task1a_ws/install/turtlesim/include/turtlesim/turtlesim/srv/detail/set_pen__rosidl_typesupport_fastrtps_cpp.hpp
[19.791s] -- Symlinking: /home/das/eyrc_hb/hb_task1a_ws/install/turtlesim/include/turtlesim/turtlesim/srv/detail/spawn__rosidl_typesupport_fastrtps_cpp.hpp
[19.796s] -- Symlinking: /home/das/eyrc_hb/hb_task1a_ws/install/turtlesim/include/turtlesim/turtlesim/srv/detail/teleport_absolute__rosidl_typesupport_fastrtps_cpp.hpp
[19.801s] -- Symlinking: /home/das/eyrc_hb/hb_task1a_ws/install/turtlesim/include/turtlesim/turtlesim/srv/detail/teleport_relative__rosidl_typesupport_fastrtps_cpp.hpp
[19.806s] -- Symlinking: /home/das/eyrc_hb/hb_task1a_ws/install/turtlesim/include/turtlesim/turtlesim/action/detail/rotate_absolute__rosidl_typesupport_introspection_c.h
[19.811s] -- Symlinking: /home/das/eyrc_hb/hb_task1a_ws/install/turtlesim/include/turtlesim/turtlesim/msg/detail/color__rosidl_typesupport_introspection_c.h
[19.816s] -- Symlinking: /home/das/eyrc_hb/hb_task1a_ws/install/turtlesim/include/turtlesim/turtlesim/msg/detail/pose__rosidl_typesupport_introspection_c.h
[19.821s] -- Symlinking: /home/das/eyrc_hb/hb_task1a_ws/install/turtlesim/include/turtlesim/turtlesim/msg/rosidl_typesupport_introspection_c__visibility_control.h
[19.826s] -- Symlinking: /home/das/eyrc_hb/hb_task1a_ws/install/turtlesim/include/turtlesim/turtlesim/srv/detail/kill__rosidl_typesupport_introspection_c.h
[19.830s] -- Symlinking: /home/das/eyrc_hb/hb_task1a_ws/install/turtlesim/include/turtlesim/turtlesim/srv/detail/set_pen__rosidl_typesupport_introspection_c.h
[19.835s] -- Symlinking: /home/das/eyrc_hb/hb_task1a_ws/install/turtlesim/include/turtlesim/turtlesim/srv/detail/spawn__rosidl_typesupport_introspection_c.h
[19.840s] -- Symlinking: /home/das/eyrc_hb/hb_task1a_ws/install/turtlesim/include/turtlesim/turtlesim/srv/detail/teleport_absolute__rosidl_typesupport_introspection_c.h
[19.845s] -- Symlinking: /home/das/eyrc_hb/hb_task1a_ws/install/turtlesim/include/turtlesim/turtlesim/srv/detail/teleport_relative__rosidl_typesupport_introspection_c.h
[19.850s] -- Symlinking: /home/das/eyrc_hb/hb_task1a_ws/install/turtlesim/include/turtlesim/turtlesim/action/detail/rotate_absolute__rosidl_typesupport_introspection_cpp.hpp
[19.855s] -- Symlinking: /home/das/eyrc_hb/hb_task1a_ws/install/turtlesim/include/turtlesim/turtlesim/msg/detail/color__rosidl_typesupport_introspection_cpp.hpp
[19.860s] -- Symlinking: /home/das/eyrc_hb/hb_task1a_ws/install/turtlesim/include/turtlesim/turtlesim/msg/detail/pose__rosidl_typesupport_introspection_cpp.hpp
[19.865s] -- Symlinking: /home/das/eyrc_hb/hb_task1a_ws/install/turtlesim/include/turtlesim/turtlesim/srv/detail/kill__rosidl_typesupport_introspection_cpp.hpp
[19.869s] -- Symlinking: /home/das/eyrc_hb/hb_task1a_ws/install/turtlesim/include/turtlesim/turtlesim/srv/detail/set_pen__rosidl_typesupport_introspection_cpp.hpp
[19.874s] -- Symlinking: /home/das/eyrc_hb/hb_task1a_ws/install/turtlesim/include/turtlesim/turtlesim/srv/detail/spawn__rosidl_typesupport_introspection_cpp.hpp
[19.879s] -- Symlinking: /home/das/eyrc_hb/hb_task1a_ws/install/turtlesim/include/turtlesim/turtlesim/srv/detail/teleport_absolute__rosidl_typesupport_introspection_cpp.hpp
[19.885s] -- Symlinking: /home/das/eyrc_hb/hb_task1a_ws/install/turtlesim/include/turtlesim/turtlesim/srv/detail/teleport_relative__rosidl_typesupport_introspection_cpp.hpp
[19.890s] -- Symlinking: /home/das/eyrc_hb/hb_task1a_ws/install/turtlesim/share/turtlesim/environment/pythonpath.sh
[19.895s] -- Symlinking: /home/das/eyrc_hb/hb_task1a_ws/install/turtlesim/share/turtlesim/environment/pythonpath.dsv
[19.900s] -- Symlinking: /home/das/eyrc_hb/hb_task1a_ws/install/turtlesim/local/lib/python3.10/dist-packages/turtlesim-1.4.2-py3.10.egg-info/PKG-INFO
[19.905s] -- Symlinking: /home/das/eyrc_hb/hb_task1a_ws/install/turtlesim/local/lib/python3.10/dist-packages/turtlesim-1.4.2-py3.10.egg-info/SOURCES.txt
[19.910s] -- Symlinking: /home/das/eyrc_hb/hb_task1a_ws/install/turtlesim/local/lib/python3.10/dist-packages/turtlesim-1.4.2-py3.10.egg-info/dependency_links.txt
[19.915s] -- Symlinking: /home/das/eyrc_hb/hb_task1a_ws/install/turtlesim/local/lib/python3.10/dist-packages/turtlesim-1.4.2-py3.10.egg-info/top_level.txt
[19.921s] -- Symlinking: /home/das/eyrc_hb/hb_task1a_ws/install/turtlesim/local/lib/python3.10/dist-packages/turtlesim/__init__.py
[19.926s] -- Symlinking: /home/das/eyrc_hb/hb_task1a_ws/install/turtlesim/local/lib/python3.10/dist-packages/turtlesim/_turtlesim_s.ep.rosidl_typesupport_c.c
[19.930s] -- Symlinking: /home/das/eyrc_hb/hb_task1a_ws/install/turtlesim/local/lib/python3.10/dist-packages/turtlesim/_turtlesim_s.ep.rosidl_typesupport_fastrtps_c.c
[19.935s] -- Symlinking: /home/das/eyrc_hb/hb_task1a_ws/install/turtlesim/local/lib/python3.10/dist-packages/turtlesim/_turtlesim_s.ep.rosidl_typesupport_introspection_c.c
[19.940s] -- Symlinking: /home/das/eyrc_hb/hb_task1a_ws/install/turtlesim/local/lib/python3.10/dist-packages/turtlesim/action/__init__.py
[19.945s] -- Symlinking: /home/das/eyrc_hb/hb_task1a_ws/install/turtlesim/local/lib/python3.10/dist-packages/turtlesim/action/_rotate_absolute.py
[19.950s] -- Symlinking: /home/das/eyrc_hb/hb_task1a_ws/install/turtlesim/local/lib/python3.10/dist-packages/turtlesim/action/_rotate_absolute_s.c
[19.955s] -- Symlinking: /home/das/eyrc_hb/hb_task1a_ws/install/turtlesim/local/lib/python3.10/dist-packages/turtlesim/libturtlesim__rosidl_generator_py.so
[19.960s] -- Symlinking: /home/das/eyrc_hb/hb_task1a_ws/install/turtlesim/local/lib/python3.10/dist-packages/turtlesim/msg/__init__.py
[19.965s] -- Symlinking: /home/das/eyrc_hb/hb_task1a_ws/install/turtlesim/local/lib/python3.10/dist-packages/turtlesim/msg/_color.py
[19.970s] -- Symlinking: /home/das/eyrc_hb/hb_task1a_ws/install/turtlesim/local/lib/python3.10/dist-packages/turtlesim/msg/_color_s.c
[19.974s] -- Symlinking: /home/das/eyrc_hb/hb_task1a_ws/install/turtlesim/local/lib/python3.10/dist-packages/turtlesim/msg/_pose.py
[19.979s] -- Symlinking: /home/das/eyrc_hb/hb_task1a_ws/install/turtlesim/local/lib/python3.10/dist-packages/turtlesim/msg/_pose_s.c
[19.985s] -- Symlinking: /home/das/eyrc_hb/hb_task1a_ws/install/turtlesim/local/lib/python3.10/dist-packages/turtlesim/srv/__init__.py
[19.989s] -- Symlinking: /home/das/eyrc_hb/hb_task1a_ws/install/turtlesim/local/lib/python3.10/dist-packages/turtlesim/srv/_kill.py
[19.994s] -- Symlinking: /home/das/eyrc_hb/hb_task1a_ws/install/turtlesim/local/lib/python3.10/dist-packages/turtlesim/srv/_kill_s.c
[19.999s] -- Symlinking: /home/das/eyrc_hb/hb_task1a_ws/install/turtlesim/local/lib/python3.10/dist-packages/turtlesim/srv/_set_pen.py
[20.004s] -- Symlinking: /home/das/eyrc_hb/hb_task1a_ws/install/turtlesim/local/lib/python3.10/dist-packages/turtlesim/srv/_set_pen_s.c
[20.009s] -- Symlinking: /home/das/eyrc_hb/hb_task1a_ws/install/turtlesim/local/lib/python3.10/dist-packages/turtlesim/srv/_spawn.py
[20.014s] -- Symlinking: /home/das/eyrc_hb/hb_task1a_ws/install/turtlesim/local/lib/python3.10/dist-packages/turtlesim/srv/_spawn_s.c
[20.018s] -- Symlinking: /home/das/eyrc_hb/hb_task1a_ws/install/turtlesim/local/lib/python3.10/dist-packages/turtlesim/srv/_teleport_absolute.py
[20.023s] -- Symlinking: /home/das/eyrc_hb/hb_task1a_ws/install/turtlesim/local/lib/python3.10/dist-packages/turtlesim/srv/_teleport_absolute_s.c
[20.028s] -- Symlinking: /home/das/eyrc_hb/hb_task1a_ws/install/turtlesim/local/lib/python3.10/dist-packages/turtlesim/srv/_teleport_relative.py
[20.033s] -- Symlinking: /home/das/eyrc_hb/hb_task1a_ws/install/turtlesim/local/lib/python3.10/dist-packages/turtlesim/srv/_teleport_relative_s.c
[20.038s] -- Symlinking: /home/das/eyrc_hb/hb_task1a_ws/install/turtlesim/local/lib/python3.10/dist-packages/turtlesim/turtlesim_s__rosidl_typesupport_c.cpython-310-x86_64-linux-gnu.so
[20.043s] -- Symlinking: /home/das/eyrc_hb/hb_task1a_ws/install/turtlesim/local/lib/python3.10/dist-packages/turtlesim/turtlesim_s__rosidl_typesupport_fastrtps_c.cpython-310-x86_64-linux-gnu.so
[20.048s] -- Symlinking: /home/das/eyrc_hb/hb_task1a_ws/install/turtlesim/local/lib/python3.10/dist-packages/turtlesim/turtlesim_s__rosidl_typesupport_introspection_c.cpython-310-x86_64-linux-gnu.so
[20.053s] -- Up-to-date symlink: /home/das/eyrc_hb/hb_task1a_ws/install/turtlesim/local/lib/python3.10/dist-packages/turtlesim/turtlesim_s__rosidl_typesupport_fastrtps_c.cpython-310-x86_64-linux-gnu.so
[20.053s] -- Up-to-date symlink: /home/das/eyrc_hb/hb_task1a_ws/install/turtlesim/local/lib/python3.10/dist-packages/turtlesim/turtlesim_s__rosidl_typesupport_introspection_c.cpython-310-x86_64-linux-gnu.so
[20.054s] -- Up-to-date symlink: /home/das/eyrc_hb/hb_task1a_ws/install/turtlesim/local/lib/python3.10/dist-packages/turtlesim/turtlesim_s__rosidl_typesupport_c.cpython-310-x86_64-linux-gnu.so
[20.054s] -- Symlinking: /home/das/eyrc_hb/hb_task1a_ws/install/turtlesim/share/turtlesim/action/RotateAbsolute.idl
[20.059s] -- Symlinking: /home/das/eyrc_hb/hb_task1a_ws/install/turtlesim/share/turtlesim/msg/Color.idl
[20.063s] -- Symlinking: /home/das/eyrc_hb/hb_task1a_ws/install/turtlesim/share/turtlesim/msg/Pose.idl
[20.068s] -- Symlinking: /home/das/eyrc_hb/hb_task1a_ws/install/turtlesim/share/turtlesim/srv/Kill.idl
[20.073s] -- Symlinking: /home/das/eyrc_hb/hb_task1a_ws/install/turtlesim/share/turtlesim/srv/SetPen.idl
[20.079s] -- Symlinking: /home/das/eyrc_hb/hb_task1a_ws/install/turtlesim/share/turtlesim/srv/Spawn.idl
[20.084s] -- Symlinking: /home/das/eyrc_hb/hb_task1a_ws/install/turtlesim/share/turtlesim/srv/TeleportAbsolute.idl
[20.089s] -- Symlinking: /home/das/eyrc_hb/hb_task1a_ws/install/turtlesim/share/turtlesim/srv/TeleportRelative.idl
[20.094s] -- Symlinking: /home/das/eyrc_hb/hb_task1a_ws/install/turtlesim/share/turtlesim/action/RotateAbsolute.action
[20.099s] -- Symlinking: /home/das/eyrc_hb/hb_task1a_ws/install/turtlesim/share/turtlesim/msg/Color.msg
[20.104s] -- Symlinking: /home/das/eyrc_hb/hb_task1a_ws/install/turtlesim/share/turtlesim/msg/Pose.msg
[20.109s] -- Symlinking: /home/das/eyrc_hb/hb_task1a_ws/install/turtlesim/share/turtlesim/srv/Kill.srv
[20.114s] -- Symlinking: /home/das/eyrc_hb/hb_task1a_ws/install/turtlesim/share/turtlesim/srv/Kill_Request.msg
[20.119s] -- Symlinking: /home/das/eyrc_hb/hb_task1a_ws/install/turtlesim/share/turtlesim/srv/Kill_Response.msg
[20.132s] -- Symlinking: /home/das/eyrc_hb/hb_task1a_ws/install/turtlesim/share/turtlesim/srv/SetPen.srv
[20.138s] -- Symlinking: /home/das/eyrc_hb/hb_task1a_ws/install/turtlesim/share/turtlesim/srv/SetPen_Request.msg
[20.144s] -- Symlinking: /home/das/eyrc_hb/hb_task1a_ws/install/turtlesim/share/turtlesim/srv/SetPen_Response.msg
[20.149s] -- Symlinking: /home/das/eyrc_hb/hb_task1a_ws/install/turtlesim/share/turtlesim/srv/Spawn.srv
[20.154s] -- Symlinking: /home/das/eyrc_hb/hb_task1a_ws/install/turtlesim/share/turtlesim/srv/Spawn_Request.msg
[20.160s] -- Symlinking: /home/das/eyrc_hb/hb_task1a_ws/install/turtlesim/share/turtlesim/srv/Spawn_Response.msg
[20.165s] -- Symlinking: /home/das/eyrc_hb/hb_task1a_ws/install/turtlesim/share/turtlesim/srv/TeleportAbsolute.srv
[20.171s] -- Symlinking: /home/das/eyrc_hb/hb_task1a_ws/install/turtlesim/share/turtlesim/srv/TeleportAbsolute_Request.msg
[20.176s] -- Symlinking: /home/das/eyrc_hb/hb_task1a_ws/install/turtlesim/share/turtlesim/srv/TeleportAbsolute_Response.msg
[20.181s] -- Symlinking: /home/das/eyrc_hb/hb_task1a_ws/install/turtlesim/share/turtlesim/srv/TeleportRelative.srv
[20.187s] -- Symlinking: /home/das/eyrc_hb/hb_task1a_ws/install/turtlesim/share/turtlesim/srv/TeleportRelative_Request.msg
[20.191s] -- Symlinking: /home/das/eyrc_hb/hb_task1a_ws/install/turtlesim/share/turtlesim/srv/TeleportRelative_Response.msg
[20.196s] -- Symlinking: /home/das/eyrc_hb/hb_task1a_ws/install/turtlesim/lib/turtlesim/turtlesim_node
[20.202s] -- Symlinking: /home/das/eyrc_hb/hb_task1a_ws/install/turtlesim/lib/turtlesim/turtle_teleop_key
[20.207s] -- Symlinking: /home/das/eyrc_hb/hb_task1a_ws/install/turtlesim/lib/turtlesim/draw_square
[20.213s] -- Symlinking: /home/das/eyrc_hb/hb_task1a_ws/install/turtlesim/lib/turtlesim/mimic
[20.218s] -- Symlinking: /home/das/eyrc_hb/hb_task1a_ws/install/turtlesim/share/turtlesim/launch/multisim.launch.py
[20.224s] -- Symlinking: /home/das/eyrc_hb/hb_task1a_ws/install/turtlesim/share/ament_index/resource_index/package_run_dependencies/turtlesim
[20.228s] -- Symlinking: /home/das/eyrc_hb/hb_task1a_ws/install/turtlesim/share/ament_index/resource_index/parent_prefix_path/turtlesim
[20.234s] -- Symlinking: /home/das/eyrc_hb/hb_task1a_ws/install/turtlesim/share/turtlesim/environment/ament_prefix_path.sh
[20.239s] -- Symlinking: /home/das/eyrc_hb/hb_task1a_ws/install/turtlesim/share/turtlesim/environment/ament_prefix_path.dsv
[20.245s] -- Symlinking: /home/das/eyrc_hb/hb_task1a_ws/install/turtlesim/share/turtlesim/environment/path.sh
[20.250s] -- Symlinking: /home/das/eyrc_hb/hb_task1a_ws/install/turtlesim/share/turtlesim/environment/path.dsv
[20.256s] -- Symlinking: /home/das/eyrc_hb/hb_task1a_ws/install/turtlesim/share/turtlesim/local_setup.bash
[20.261s] -- Symlinking: /home/das/eyrc_hb/hb_task1a_ws/install/turtlesim/share/turtlesim/local_setup.sh
[20.266s] -- Symlinking: /home/das/eyrc_hb/hb_task1a_ws/install/turtlesim/share/turtlesim/local_setup.zsh
[20.271s] -- Symlinking: /home/das/eyrc_hb/hb_task1a_ws/install/turtlesim/share/turtlesim/local_setup.dsv
[20.276s] -- Symlinking: /home/das/eyrc_hb/hb_task1a_ws/install/turtlesim/share/turtlesim/package.dsv
[20.282s] -- Symlinking: /home/das/eyrc_hb/hb_task1a_ws/install/turtlesim/share/ament_index/resource_index/packages/turtlesim
[20.287s] -- Symlinking: /home/das/eyrc_hb/hb_task1a_ws/install/turtlesim/share/turtlesim/cmake/rosidl_cmake-extras.cmake
[20.293s] -- Symlinking: /home/das/eyrc_hb/hb_task1a_ws/install/turtlesim/share/turtlesim/cmake/ament_cmake_export_dependencies-extras.cmake
[20.298s] -- Symlinking: /home/das/eyrc_hb/hb_task1a_ws/install/turtlesim/share/turtlesim/cmake/ament_cmake_export_include_directories-extras.cmake
[20.304s] -- Symlinking: /home/das/eyrc_hb/hb_task1a_ws/install/turtlesim/share/turtlesim/cmake/ament_cmake_export_libraries-extras.cmake
[20.309s] -- Symlinking: /home/das/eyrc_hb/hb_task1a_ws/install/turtlesim/share/turtlesim/cmake/ament_cmake_export_targets-extras.cmake
[20.314s] -- Symlinking: /home/das/eyrc_hb/hb_task1a_ws/install/turtlesim/share/turtlesim/cmake/rosidl_cmake_export_typesupport_targets-extras.cmake
[20.320s] -- Symlinking: /home/das/eyrc_hb/hb_task1a_ws/install/turtlesim/share/turtlesim/cmake/rosidl_cmake_export_typesupport_libraries-extras.cmake
[20.324s] -- Symlinking: /home/das/eyrc_hb/hb_task1a_ws/install/turtlesim/share/turtlesim/cmake/turtlesimConfig.cmake
[20.329s] -- Symlinking: /home/das/eyrc_hb/hb_task1a_ws/install/turtlesim/share/turtlesim/cmake/turtlesimConfig-version.cmake
[20.334s] -- Symlinking: /home/das/eyrc_hb/hb_task1a_ws/install/turtlesim/share/turtlesim/package.xml
[20.339s] -- Installing: /home/das/eyrc_hb/hb_task1a_ws/install/turtlesim/lib/libturtlesim__rosidl_generator_c.so
[20.340s] -- Set runtime path of "/home/das/eyrc_hb/hb_task1a_ws/install/turtlesim/lib/libturtlesim__rosidl_generator_c.so" to ""
[20.340s] -- Installing: /home/das/eyrc_hb/hb_task1a_ws/install/turtlesim/lib/libturtlesim__rosidl_typesupport_fastrtps_c.so
[20.340s] -- Set runtime path of "/home/das/eyrc_hb/hb_task1a_ws/install/turtlesim/lib/libturtlesim__rosidl_typesupport_fastrtps_c.so" to ""
[20.340s] -- Installing: /home/das/eyrc_hb/hb_task1a_ws/install/turtlesim/lib/libturtlesim__rosidl_typesupport_fastrtps_cpp.so
[20.340s] -- Set runtime path of "/home/das/eyrc_hb/hb_task1a_ws/install/turtlesim/lib/libturtlesim__rosidl_typesupport_fastrtps_cpp.so" to ""
[20.340s] -- Installing: /home/das/eyrc_hb/hb_task1a_ws/install/turtlesim/lib/libturtlesim__rosidl_typesupport_introspection_c.so
[20.341s] -- Set runtime path of "/home/das/eyrc_hb/hb_task1a_ws/install/turtlesim/lib/libturtlesim__rosidl_typesupport_introspection_c.so" to ""
[20.341s] -- Installing: /home/das/eyrc_hb/hb_task1a_ws/install/turtlesim/lib/libturtlesim__rosidl_typesupport_c.so
[20.341s] -- Set runtime path of "/home/das/eyrc_hb/hb_task1a_ws/install/turtlesim/lib/libturtlesim__rosidl_typesupport_c.so" to ""
[20.341s] -- Installing: /home/das/eyrc_hb/hb_task1a_ws/install/turtlesim/lib/libturtlesim__rosidl_typesupport_introspection_cpp.so
[20.341s] -- Set runtime path of "/home/das/eyrc_hb/hb_task1a_ws/install/turtlesim/lib/libturtlesim__rosidl_typesupport_introspection_cpp.so" to ""
[20.341s] -- Installing: /home/das/eyrc_hb/hb_task1a_ws/install/turtlesim/lib/libturtlesim__rosidl_typesupport_cpp.so
[20.341s] -- Set runtime path of "/home/das/eyrc_hb/hb_task1a_ws/install/turtlesim/lib/libturtlesim__rosidl_typesupport_cpp.so" to ""
[20.375s] Listing '/home/das/eyrc_hb/hb_task1a_ws/install/turtlesim/local/lib/python3.10/dist-packages/turtlesim'...
[20.375s] Compiling '/home/das/eyrc_hb/hb_task1a_ws/install/turtlesim/local/lib/python3.10/dist-packages/turtlesim/__init__.py'...
[20.375s] Listing '/home/das/eyrc_hb/hb_task1a_ws/install/turtlesim/local/lib/python3.10/dist-packages/turtlesim/action'...
[20.375s] Compiling '/home/das/eyrc_hb/hb_task1a_ws/install/turtlesim/local/lib/python3.10/dist-packages/turtlesim/action/__init__.py'...
[20.375s] Compiling '/home/das/eyrc_hb/hb_task1a_ws/install/turtlesim/local/lib/python3.10/dist-packages/turtlesim/action/_rotate_absolute.py'...
[20.375s] Listing '/home/das/eyrc_hb/hb_task1a_ws/install/turtlesim/local/lib/python3.10/dist-packages/turtlesim/msg'...
[20.375s] Compiling '/home/das/eyrc_hb/hb_task1a_ws/install/turtlesim/local/lib/python3.10/dist-packages/turtlesim/msg/__init__.py'...
[20.375s] Compiling '/home/das/eyrc_hb/hb_task1a_ws/install/turtlesim/local/lib/python3.10/dist-packages/turtlesim/msg/_color.py'...
[20.375s] Compiling '/home/das/eyrc_hb/hb_task1a_ws/install/turtlesim/local/lib/python3.10/dist-packages/turtlesim/msg/_pose.py'...
[20.375s] Listing '/home/das/eyrc_hb/hb_task1a_ws/install/turtlesim/local/lib/python3.10/dist-packages/turtlesim/srv'...
[20.375s] Compiling '/home/das/eyrc_hb/hb_task1a_ws/install/turtlesim/local/lib/python3.10/dist-packages/turtlesim/srv/__init__.py'...
[20.375s] Compiling '/home/das/eyrc_hb/hb_task1a_ws/install/turtlesim/local/lib/python3.10/dist-packages/turtlesim/srv/_kill.py'...
[20.375s] Compiling '/home/das/eyrc_hb/hb_task1a_ws/install/turtlesim/local/lib/python3.10/dist-packages/turtlesim/srv/_set_pen.py'...
[20.375s] Compiling '/home/das/eyrc_hb/hb_task1a_ws/install/turtlesim/local/lib/python3.10/dist-packages/turtlesim/srv/_spawn.py'...
[20.376s] Compiling '/home/das/eyrc_hb/hb_task1a_ws/install/turtlesim/local/lib/python3.10/dist-packages/turtlesim/srv/_teleport_absolute.py'...
[20.376s] Compiling '/home/das/eyrc_hb/hb_task1a_ws/install/turtlesim/local/lib/python3.10/dist-packages/turtlesim/srv/_teleport_relative.py'...
[20.378s] -- Installing: /home/das/eyrc_hb/hb_task1a_ws/install/turtlesim/lib/libturtlesim__rosidl_generator_py.so
[20.378s] -- Set runtime path of "/home/das/eyrc_hb/hb_task1a_ws/install/turtlesim/lib/libturtlesim__rosidl_generator_py.so" to ""
[20.378s] -- Installing: /home/das/eyrc_hb/hb_task1a_ws/install/turtlesim/share/turtlesim/images
[20.378s] -- Installing: /home/das/eyrc_hb/hb_task1a_ws/install/turtlesim/share/turtlesim/images/eyantra.png
[20.379s] -- Installing: /home/das/eyrc_hb/hb_task1a_ws/install/turtlesim/share/turtlesim/cmake/export_turtlesim__rosidl_generator_cExport.cmake
[20.379s] -- Installing: /home/das/eyrc_hb/hb_task1a_ws/install/turtlesim/share/turtlesim/cmake/export_turtlesim__rosidl_generator_cExport-noconfig.cmake
[20.379s] -- Installing: /home/das/eyrc_hb/hb_task1a_ws/install/turtlesim/share/turtlesim/cmake/export_turtlesim__rosidl_typesupport_fastrtps_cExport.cmake
[20.379s] -- Installing: /home/das/eyrc_hb/hb_task1a_ws/install/turtlesim/share/turtlesim/cmake/export_turtlesim__rosidl_typesupport_fastrtps_cExport-noconfig.cmake
[20.379s] -- Installing: /home/das/eyrc_hb/hb_task1a_ws/install/turtlesim/share/turtlesim/cmake/export_turtlesim__rosidl_generator_cppExport.cmake
[20.379s] -- Installing: /home/das/eyrc_hb/hb_task1a_ws/install/turtlesim/share/turtlesim/cmake/export_turtlesim__rosidl_typesupport_fastrtps_cppExport.cmake
[20.379s] -- Installing: /home/das/eyrc_hb/hb_task1a_ws/install/turtlesim/share/turtlesim/cmake/export_turtlesim__rosidl_typesupport_fastrtps_cppExport-noconfig.cmake
[20.379s] -- Installing: /home/das/eyrc_hb/hb_task1a_ws/install/turtlesim/share/turtlesim/cmake/turtlesim__rosidl_typesupport_introspection_cExport.cmake
[20.379s] -- Installing: /home/das/eyrc_hb/hb_task1a_ws/install/turtlesim/share/turtlesim/cmake/turtlesim__rosidl_typesupport_introspection_cExport-noconfig.cmake
[20.380s] -- Installing: /home/das/eyrc_hb/hb_task1a_ws/install/turtlesim/share/turtlesim/cmake/turtlesim__rosidl_typesupport_cExport.cmake
[20.380s] -- Installing: /home/das/eyrc_hb/hb_task1a_ws/install/turtlesim/share/turtlesim/cmake/turtlesim__rosidl_typesupport_cExport-noconfig.cmake
[20.380s] -- Installing: /home/das/eyrc_hb/hb_task1a_ws/install/turtlesim/share/turtlesim/cmake/turtlesim__rosidl_typesupport_introspection_cppExport.cmake
[20.380s] -- Installing: /home/das/eyrc_hb/hb_task1a_ws/install/turtlesim/share/turtlesim/cmake/turtlesim__rosidl_typesupport_introspection_cppExport-noconfig.cmake
[20.380s] -- Installing: /home/das/eyrc_hb/hb_task1a_ws/install/turtlesim/share/turtlesim/cmake/turtlesim__rosidl_typesupport_cppExport.cmake
[20.380s] -- Installing: /home/das/eyrc_hb/hb_task1a_ws/install/turtlesim/share/turtlesim/cmake/turtlesim__rosidl_typesupport_cppExport-noconfig.cmake
[20.380s] -- Installing: /home/das/eyrc_hb/hb_task1a_ws/install/turtlesim/share/turtlesim/cmake/export_turtlesim__rosidl_generator_pyExport.cmake
[20.380s] -- Installing: /home/das/eyrc_hb/hb_task1a_ws/install/turtlesim/share/turtlesim/cmake/export_turtlesim__rosidl_generator_pyExport-noconfig.cmake
[20.382s] Invoked command in '/home/das/eyrc_hb/hb_task1a_ws/build/turtlesim' returned '0': CMAKE_PREFIX_PATH=${CMAKE_PREFIX_PATH}:/home/das/eyrc_hb/hb_task1a_ws/install/hb_task_1a:/opt/ros/humble /usr/bin/cmake --install /home/das/eyrc_hb/hb_task1a_ws/build/turtlesim
