[0.352s] DEBUG:colcon:Command line arguments: ['/home/das/.local/bin/colcon', 'build', '--symlink-install']
[0.352s] DEBUG:colcon:Parsed command line arguments: Namespace(log_base=None, log_level=None, verb_name='build', build_base='build', install_base='install', merge_install=False, symlink_install=True, test_result_base=None, continue_on_error=False, executor='parallel', parallel_workers=12, event_handlers=None, ignore_user_meta=False, metas=['./colcon.meta'], base_paths=['.'], packages_ignore=None, packages_ignore_regex=None, paths=None, packages_up_to=None, packages_up_to_regex=None, packages_above=None, packages_above_and_dependencies=None, packages_above_depth=None, packages_select_by_dep=None, packages_skip_by_dep=None, packages_skip_up_to=None, packages_select_build_failed=False, packages_skip_build_finished=False, packages_select_test_failures=False, packages_skip_test_passed=False, packages_select=None, packages_skip=None, packages_select_regex=None, packages_skip_regex=None, packages_start=None, packages_end=None, cmake_args=None, cmake_target=None, cmake_target_skip_unavailable=False, cmake_clean_cache=False, cmake_clean_first=False, cmake_force_configure=False, ament_cmake_args=None, catkin_cmake_args=None, catkin_skip_building_tests=False, verb_parser=<colcon_defaults.argument_parser.defaults.DefaultArgumentsDecorator object at 0x7f3523c4de70>, verb_extension=<colcon_core.verb.build.BuildVerb object at 0x7f3523c4d900>, main=<bound method BuildVerb.main of <colcon_core.verb.build.BuildVerb object at 0x7f3523c4d900>>)
[0.371s] Level 1:colcon.colcon_core.package_discovery:discover_packages(colcon_meta) check parameters
[0.371s] Level 1:colcon.colcon_core.package_discovery:discover_packages(recursive) check parameters
[0.371s] Level 1:colcon.colcon_core.package_discovery:discover_packages(ignore) check parameters
[0.371s] Level 1:colcon.colcon_core.package_discovery:discover_packages(path) check parameters
[0.371s] Level 1:colcon.colcon_core.package_discovery:discover_packages(colcon_meta) discover
[0.371s] Level 1:colcon.colcon_core.package_discovery:discover_packages(recursive) discover
[0.371s] INFO:colcon.colcon_core.package_discovery:Crawling recursively for packages in '/home/das/eyrc_hb/hb_task1a_ws'
[0.371s] Level 1:colcon.colcon_core.package_identification:_identify(.) by extensions ['ignore', 'ignore_ament_install']
[0.371s] Level 1:colcon.colcon_core.package_identification:_identify(.) by extension 'ignore'
[0.371s] Level 1:colcon.colcon_core.package_identification:_identify(.) by extension 'ignore_ament_install'
[0.371s] Level 1:colcon.colcon_core.package_identification:_identify(.) by extensions ['colcon_pkg']
[0.371s] Level 1:colcon.colcon_core.package_identification:_identify(.) by extension 'colcon_pkg'
[0.371s] Level 1:colcon.colcon_core.package_identification:_identify(.) by extensions ['colcon_meta']
[0.371s] Level 1:colcon.colcon_core.package_identification:_identify(.) by extension 'colcon_meta'
[0.371s] Level 1:colcon.colcon_core.package_identification:_identify(.) by extensions ['ros']
[0.371s] Level 1:colcon.colcon_core.package_identification:_identify(.) by extension 'ros'
[0.379s] Level 1:colcon.colcon_core.package_identification:_identify(.) by extensions ['cmake', 'python']
[0.379s] Level 1:colcon.colcon_core.package_identification:_identify(.) by extension 'cmake'
[0.379s] Level 1:colcon.colcon_core.package_identification:_identify(.) by extension 'python'
[0.379s] Level 1:colcon.colcon_core.package_identification:_identify(.) by extensions ['python_setup_py']
[0.379s] Level 1:colcon.colcon_core.package_identification:_identify(.) by extension 'python_setup_py'
[0.379s] Level 1:colcon.colcon_core.package_identification:_identify(build) by extensions ['ignore', 'ignore_ament_install']
[0.379s] Level 1:colcon.colcon_core.package_identification:_identify(build) by extension 'ignore'
[0.379s] Level 1:colcon.colcon_core.package_identification:_identify(build) ignored
[0.379s] Level 1:colcon.colcon_core.package_identification:_identify(install) by extensions ['ignore', 'ignore_ament_install']
[0.379s] Level 1:colcon.colcon_core.package_identification:_identify(install) by extension 'ignore'
[0.379s] Level 1:colcon.colcon_core.package_identification:_identify(install) ignored
[0.379s] Level 1:colcon.colcon_core.package_identification:_identify(log) by extensions ['ignore', 'ignore_ament_install']
[0.379s] Level 1:colcon.colcon_core.package_identification:_identify(log) by extension 'ignore'
[0.379s] Level 1:colcon.colcon_core.package_identification:_identify(log) ignored
[0.380s] Level 1:colcon.colcon_core.package_identification:_identify(src) by extensions ['ignore', 'ignore_ament_install']
[0.380s] Level 1:colcon.colcon_core.package_identification:_identify(src) by extension 'ignore'
[0.380s] Level 1:colcon.colcon_core.package_identification:_identify(src) by extension 'ignore_ament_install'
[0.380s] Level 1:colcon.colcon_core.package_identification:_identify(src) by extensions ['colcon_pkg']
[0.380s] Level 1:colcon.colcon_core.package_identification:_identify(src) by extension 'colcon_pkg'
[0.380s] Level 1:colcon.colcon_core.package_identification:_identify(src) by extensions ['colcon_meta']
[0.380s] Level 1:colcon.colcon_core.package_identification:_identify(src) by extension 'colcon_meta'
[0.380s] Level 1:colcon.colcon_core.package_identification:_identify(src) by extensions ['ros']
[0.380s] Level 1:colcon.colcon_core.package_identification:_identify(src) by extension 'ros'
[0.380s] Level 1:colcon.colcon_core.package_identification:_identify(src) by extensions ['cmake', 'python']
[0.380s] Level 1:colcon.colcon_core.package_identification:_identify(src) by extension 'cmake'
[0.380s] Level 1:colcon.colcon_core.package_identification:_identify(src) by extension 'python'
[0.380s] Level 1:colcon.colcon_core.package_identification:_identify(src) by extensions ['python_setup_py']
[0.380s] Level 1:colcon.colcon_core.package_identification:_identify(src) by extension 'python_setup_py'
[0.380s] Level 1:colcon.colcon_core.package_identification:_identify(src/hb_task_1a) by extensions ['ignore', 'ignore_ament_install']
[0.380s] Level 1:colcon.colcon_core.package_identification:_identify(src/hb_task_1a) by extension 'ignore'
[0.380s] Level 1:colcon.colcon_core.package_identification:_identify(src/hb_task_1a) by extension 'ignore_ament_install'
[0.380s] Level 1:colcon.colcon_core.package_identification:_identify(src/hb_task_1a) by extensions ['colcon_pkg']
[0.380s] Level 1:colcon.colcon_core.package_identification:_identify(src/hb_task_1a) by extension 'colcon_pkg'
[0.380s] Level 1:colcon.colcon_core.package_identification:_identify(src/hb_task_1a) by extensions ['colcon_meta']
[0.380s] Level 1:colcon.colcon_core.package_identification:_identify(src/hb_task_1a) by extension 'colcon_meta'
[0.380s] Level 1:colcon.colcon_core.package_identification:_identify(src/hb_task_1a) by extensions ['ros']
[0.380s] Level 1:colcon.colcon_core.package_identification:_identify(src/hb_task_1a) by extension 'ros'
[0.382s] DEBUG:colcon.colcon_core.package_identification:Package 'src/hb_task_1a' with type 'ros.ament_python' and name 'hb_task_1a'
[0.382s] Level 1:colcon.colcon_core.package_identification:_identify(src/ros_tutorials) by extensions ['ignore', 'ignore_ament_install']
[0.382s] Level 1:colcon.colcon_core.package_identification:_identify(src/ros_tutorials) by extension 'ignore'
[0.382s] Level 1:colcon.colcon_core.package_identification:_identify(src/ros_tutorials) ignored
[0.383s] Level 1:colcon.colcon_core.package_identification:_identify(src/turtlesim) by extensions ['ignore', 'ignore_ament_install']
[0.383s] Level 1:colcon.colcon_core.package_identification:_identify(src/turtlesim) by extension 'ignore'
[0.383s] Level 1:colcon.colcon_core.package_identification:_identify(src/turtlesim) by extension 'ignore_ament_install'
[0.383s] Level 1:colcon.colcon_core.package_identification:_identify(src/turtlesim) by extensions ['colcon_pkg']
[0.383s] Level 1:colcon.colcon_core.package_identification:_identify(src/turtlesim) by extension 'colcon_pkg'
[0.383s] Level 1:colcon.colcon_core.package_identification:_identify(src/turtlesim) by extensions ['colcon_meta']
[0.383s] Level 1:colcon.colcon_core.package_identification:_identify(src/turtlesim) by extension 'colcon_meta'
[0.383s] Level 1:colcon.colcon_core.package_identification:_identify(src/turtlesim) by extensions ['ros']
[0.383s] Level 1:colcon.colcon_core.package_identification:_identify(src/turtlesim) by extension 'ros'
[0.384s] DEBUG:colcon.colcon_core.package_identification:Package 'src/turtlesim' with type 'ros.ament_cmake' and name 'turtlesim'
[0.384s] Level 1:colcon.colcon_core.package_discovery:discover_packages(recursive) using defaults
[0.384s] Level 1:colcon.colcon_core.package_discovery:discover_packages(ignore) discover
[0.384s] Level 1:colcon.colcon_core.package_discovery:discover_packages(ignore) using defaults
[0.384s] Level 1:colcon.colcon_core.package_discovery:discover_packages(path) discover
[0.384s] Level 1:colcon.colcon_core.package_discovery:discover_packages(path) using defaults
[0.411s] Level 5:colcon.colcon_core.verb:set package 'hb_task_1a' build argument 'cmake_args' from command line to 'None'
[0.411s] Level 5:colcon.colcon_core.verb:set package 'hb_task_1a' build argument 'cmake_target' from command line to 'None'
[0.411s] Level 5:colcon.colcon_core.verb:set package 'hb_task_1a' build argument 'cmake_target_skip_unavailable' from command line to 'False'
[0.411s] Level 5:colcon.colcon_core.verb:set package 'hb_task_1a' build argument 'cmake_clean_cache' from command line to 'False'
[0.411s] Level 5:colcon.colcon_core.verb:set package 'hb_task_1a' build argument 'cmake_clean_first' from command line to 'False'
[0.411s] Level 5:colcon.colcon_core.verb:set package 'hb_task_1a' build argument 'cmake_force_configure' from command line to 'False'
[0.411s] Level 5:colcon.colcon_core.verb:set package 'hb_task_1a' build argument 'ament_cmake_args' from command line to 'None'
[0.411s] Level 5:colcon.colcon_core.verb:set package 'hb_task_1a' build argument 'catkin_cmake_args' from command line to 'None'
[0.411s] Level 5:colcon.colcon_core.verb:set package 'hb_task_1a' build argument 'catkin_skip_building_tests' from command line to 'False'
[0.411s] DEBUG:colcon.colcon_core.verb:Building package 'hb_task_1a' with the following arguments: {'ament_cmake_args': None, 'build_base': '/home/das/eyrc_hb/hb_task1a_ws/build/hb_task_1a', 'catkin_cmake_args': None, 'catkin_skip_building_tests': False, 'cmake_args': None, 'cmake_clean_cache': False, 'cmake_clean_first': False, 'cmake_force_configure': False, 'cmake_target': None, 'cmake_target_skip_unavailable': False, 'install_base': '/home/das/eyrc_hb/hb_task1a_ws/install/hb_task_1a', 'merge_install': False, 'path': '/home/das/eyrc_hb/hb_task1a_ws/src/hb_task_1a', 'symlink_install': True, 'test_result_base': None}
[0.416s] Level 5:colcon.colcon_core.verb:set package 'turtlesim' build argument 'cmake_args' from command line to 'None'
[0.416s] Level 5:colcon.colcon_core.verb:set package 'turtlesim' build argument 'cmake_target' from command line to 'None'
[0.416s] Level 5:colcon.colcon_core.verb:set package 'turtlesim' build argument 'cmake_target_skip_unavailable' from command line to 'False'
[0.416s] Level 5:colcon.colcon_core.verb:set package 'turtlesim' build argument 'cmake_clean_cache' from command line to 'False'
[0.416s] Level 5:colcon.colcon_core.verb:set package 'turtlesim' build argument 'cmake_clean_first' from command line to 'False'
[0.416s] Level 5:colcon.colcon_core.verb:set package 'turtlesim' build argument 'cmake_force_configure' from command line to 'False'
[0.416s] Level 5:colcon.colcon_core.verb:set package 'turtlesim' build argument 'ament_cmake_args' from command line to 'None'
[0.416s] Level 5:colcon.colcon_core.verb:set package 'turtlesim' build argument 'catkin_cmake_args' from command line to 'None'
[0.416s] Level 5:colcon.colcon_core.verb:set package 'turtlesim' build argument 'catkin_skip_building_tests' from command line to 'False'
[0.416s] DEBUG:colcon.colcon_core.verb:Building package 'turtlesim' with the following arguments: {'ament_cmake_args': None, 'build_base': '/home/das/eyrc_hb/hb_task1a_ws/build/turtlesim', 'catkin_cmake_args': None, 'catkin_skip_building_tests': False, 'cmake_args': None, 'cmake_clean_cache': False, 'cmake_clean_first': False, 'cmake_force_configure': False, 'cmake_target': None, 'cmake_target_skip_unavailable': False, 'install_base': '/home/das/eyrc_hb/hb_task1a_ws/install/turtlesim', 'merge_install': False, 'path': '/home/das/eyrc_hb/hb_task1a_ws/src/turtlesim', 'symlink_install': True, 'test_result_base': None}
[0.417s] INFO:colcon.colcon_core.executor:Executing jobs using 'parallel' executor
[0.424s] DEBUG:colcon.colcon_parallel_executor.executor.parallel:run_until_complete
[0.425s] INFO:colcon.colcon_ros.task.ament_python.build:Building ROS package in '/home/das/eyrc_hb/hb_task1a_ws/src/hb_task_1a' with build type 'ament_python'
[0.425s] Level 1:colcon.colcon_core.shell:create_environment_hook('hb_task_1a', 'ament_prefix_path')
[0.430s] INFO:colcon.colcon_core.plugin_system:Skipping extension 'colcon_core.shell.bat': Not used on non-Windows systems
[0.430s] INFO:colcon.colcon_core.shell:Creating environment hook '/home/das/eyrc_hb/hb_task1a_ws/install/hb_task_1a/share/hb_task_1a/hook/ament_prefix_path.ps1'
[0.430s] INFO:colcon.colcon_core.shell:Creating environment descriptor '/home/das/eyrc_hb/hb_task1a_ws/install/hb_task_1a/share/hb_task_1a/hook/ament_prefix_path.dsv'
[0.431s] INFO:colcon.colcon_core.shell:Creating environment hook '/home/das/eyrc_hb/hb_task1a_ws/install/hb_task_1a/share/hb_task_1a/hook/ament_prefix_path.sh'
[0.434s] INFO:colcon.colcon_core.shell:Skip shell extension 'powershell' for command environment: Not usable outside of PowerShell
[0.434s] DEBUG:colcon.colcon_core.shell:Skip shell extension 'dsv' for command environment
[0.437s] WARNING:colcon.colcon_ros.prefix_path.ament:The path '/home/das/eyrc_hb/hb_task1a_ws/install/turtlesim' in the environment variable AMENT_PREFIX_PATH doesn't exist
[0.437s] WARNING:colcon.colcon_ros.prefix_path.catkin:The path '/home/das/eyrc_hb/hb_task1a_ws/install/turtlesim' in the environment variable CMAKE_PREFIX_PATH doesn't exist
[0.444s] INFO:colcon.colcon_ros.task.ament_cmake.build:Building ROS package in '/home/das/eyrc_hb/hb_task1a_ws/src/turtlesim' with build type 'ament_cmake'
[0.444s] INFO:colcon.colcon_cmake.task.cmake.build:Building CMake package in '/home/das/eyrc_hb/hb_task1a_ws/src/turtlesim'
[0.447s] INFO:colcon.colcon_core.shell:Skip shell extension 'powershell' for command environment: Not usable outside of PowerShell
[0.447s] DEBUG:colcon.colcon_core.shell:Skip shell extension 'dsv' for command environment
[0.647s] INFO:colcon.colcon_core.task.python.build:Building Python package in '/home/das/eyrc_hb/hb_task1a_ws/src/hb_task_1a'
[0.650s] INFO:colcon.colcon_core.shell:Skip shell extension 'powershell' for command environment: Not usable outside of PowerShell
[0.650s] DEBUG:colcon.colcon_core.shell:Skip shell extension 'dsv' for command environment
[0.661s] DEBUG:colcon.colcon_core.event_handler.log_command:Invoking command in '/home/das/eyrc_hb/hb_task1a_ws/build/turtlesim': CMAKE_PREFIX_PATH=${CMAKE_PREFIX_PATH}:/home/das/eyrc_hb/hb_task1a_ws/install/hb_task_1a:/opt/ros/humble /usr/bin/cmake /home/das/eyrc_hb/hb_task1a_ws/src/turtlesim -DAMENT_CMAKE_SYMLINK_INSTALL=1 -DCMAKE_INSTALL_PREFIX=/home/das/eyrc_hb/hb_task1a_ws/install/turtlesim
[0.902s] DEBUG:colcon.colcon_core.event_handler.log_command:Invoking command in '/home/das/eyrc_hb/hb_task1a_ws/build/hb_task_1a': PYTHONPATH=/home/das/eyrc_hb/hb_task1a_ws/build/hb_task_1a/prefix_override:/home/das/eyrc_hb/hb_task1a_ws/install/hb_task_1a/lib/python3.10/site-packages:${PYTHONPATH} /usr/bin/python3 setup.py develop --editable --build-directory /home/das/eyrc_hb/hb_task1a_ws/build/hb_task_1a/build --no-deps install_data
[1.217s] Level 1:colcon.colcon_core.shell:create_environment_hook('hb_task_1a', 'pythonpath_develop')
[1.221s] INFO:colcon.colcon_core.shell:Creating environment hook '/home/das/eyrc_hb/hb_task1a_ws/build/hb_task_1a/share/hb_task_1a/hook/pythonpath_develop.ps1'
[1.222s] DEBUG:colcon.colcon_core.event_handler.log_command:Invoked command in '/home/das/eyrc_hb/hb_task1a_ws/build/hb_task_1a' returned '0': PYTHONPATH=/home/das/eyrc_hb/hb_task1a_ws/build/hb_task_1a/prefix_override:/home/das/eyrc_hb/hb_task1a_ws/install/hb_task_1a/lib/python3.10/site-packages:${PYTHONPATH} /usr/bin/python3 setup.py develop --editable --build-directory /home/das/eyrc_hb/hb_task1a_ws/build/hb_task_1a/build --no-deps install_data
[1.222s] INFO:colcon.colcon_core.shell:Creating environment descriptor '/home/das/eyrc_hb/hb_task1a_ws/build/hb_task_1a/share/hb_task_1a/hook/pythonpath_develop.dsv'
[1.222s] INFO:colcon.colcon_core.shell:Creating environment hook '/home/das/eyrc_hb/hb_task1a_ws/build/hb_task_1a/share/hb_task_1a/hook/pythonpath_develop.sh'
[1.229s] Level 1:colcon.colcon_core.environment:checking '/home/das/eyrc_hb/hb_task1a_ws/install/hb_task_1a' for CMake module files
[1.229s] Level 1:colcon.colcon_core.environment:checking '/home/das/eyrc_hb/hb_task1a_ws/install/hb_task_1a' for CMake config files
[1.230s] Level 1:colcon.colcon_core.environment:checking '/home/das/eyrc_hb/hb_task1a_ws/install/hb_task_1a/lib'
[1.230s] Level 1:colcon.colcon_core.environment:checking '/home/das/eyrc_hb/hb_task1a_ws/install/hb_task_1a/bin'
[1.230s] Level 1:colcon.colcon_core.environment:checking '/home/das/eyrc_hb/hb_task1a_ws/install/hb_task_1a/lib/pkgconfig/hb_task_1a.pc'
[1.230s] Level 1:colcon.colcon_core.environment:checking '/home/das/eyrc_hb/hb_task1a_ws/install/hb_task_1a/lib/python3.10/site-packages'
[1.230s] Level 1:colcon.colcon_core.shell:create_environment_hook('hb_task_1a', 'pythonpath')
[1.234s] INFO:colcon.colcon_core.shell:Creating environment hook '/home/das/eyrc_hb/hb_task1a_ws/install/hb_task_1a/share/hb_task_1a/hook/pythonpath.ps1'
[1.234s] INFO:colcon.colcon_core.shell:Creating environment descriptor '/home/das/eyrc_hb/hb_task1a_ws/install/hb_task_1a/share/hb_task_1a/hook/pythonpath.dsv'
[1.234s] INFO:colcon.colcon_core.shell:Creating environment hook '/home/das/eyrc_hb/hb_task1a_ws/install/hb_task_1a/share/hb_task_1a/hook/pythonpath.sh'
[1.235s] Level 1:colcon.colcon_core.environment:checking '/home/das/eyrc_hb/hb_task1a_ws/install/hb_task_1a/bin'
[1.235s] Level 1:colcon.colcon_core.environment:create_environment_scripts_only(hb_task_1a)
[1.238s] INFO:colcon.colcon_core.shell:Creating package script '/home/das/eyrc_hb/hb_task1a_ws/install/hb_task_1a/share/hb_task_1a/package.ps1'
[1.239s] INFO:colcon.colcon_core.shell:Creating package descriptor '/home/das/eyrc_hb/hb_task1a_ws/install/hb_task_1a/share/hb_task_1a/package.dsv'
[1.240s] INFO:colcon.colcon_core.shell:Creating package script '/home/das/eyrc_hb/hb_task1a_ws/install/hb_task_1a/share/hb_task_1a/package.sh'
[1.240s] INFO:colcon.colcon_core.shell:Creating package script '/home/das/eyrc_hb/hb_task1a_ws/install/hb_task_1a/share/hb_task_1a/package.bash'
[1.241s] INFO:colcon.colcon_core.shell:Creating package script '/home/das/eyrc_hb/hb_task1a_ws/install/hb_task_1a/share/hb_task_1a/package.zsh'
[1.241s] Level 1:colcon.colcon_core.environment:create_file_with_runtime_dependencies(/home/das/eyrc_hb/hb_task1a_ws/install/hb_task_1a/share/colcon-core/packages/hb_task_1a)
[2.252s] DEBUG:colcon.colcon_core.event_handler.log_command:Invoked command in '/home/das/eyrc_hb/hb_task1a_ws/build/turtlesim' returned '0': CMAKE_PREFIX_PATH=${CMAKE_PREFIX_PATH}:/home/das/eyrc_hb/hb_task1a_ws/install/hb_task_1a:/opt/ros/humble /usr/bin/cmake /home/das/eyrc_hb/hb_task1a_ws/src/turtlesim -DAMENT_CMAKE_SYMLINK_INSTALL=1 -DCMAKE_INSTALL_PREFIX=/home/das/eyrc_hb/hb_task1a_ws/install/turtlesim
[2.253s] DEBUG:colcon.colcon_core.event_handler.log_command:Invoking command in '/home/das/eyrc_hb/hb_task1a_ws/build/turtlesim': CMAKE_PREFIX_PATH=${CMAKE_PREFIX_PATH}:/home/das/eyrc_hb/hb_task1a_ws/install/hb_task_1a:/opt/ros/humble /usr/bin/cmake --build /home/das/eyrc_hb/hb_task1a_ws/build/turtlesim -- -j12 -l12
[19.714s] DEBUG:colcon.colcon_core.event_handler.log_command:Invoked command in '/home/das/eyrc_hb/hb_task1a_ws/build/turtlesim' returned '0': CMAKE_PREFIX_PATH=${CMAKE_PREFIX_PATH}:/home/das/eyrc_hb/hb_task1a_ws/install/hb_task_1a:/opt/ros/humble /usr/bin/cmake --build /home/das/eyrc_hb/hb_task1a_ws/build/turtlesim -- -j12 -l12
[19.829s] DEBUG:colcon.colcon_core.event_handler.log_command:Invoking command in '/home/das/eyrc_hb/hb_task1a_ws/build/turtlesim': CMAKE_PREFIX_PATH=${CMAKE_PREFIX_PATH}:/home/das/eyrc_hb/hb_task1a_ws/install/hb_task_1a:/opt/ros/humble /usr/bin/cmake --install /home/das/eyrc_hb/hb_task1a_ws/build/turtlesim
[20.829s] Level 1:colcon.colcon_core.environment:create_environment_scripts_only(turtlesim)
[20.829s] DEBUG:colcon.colcon_core.event_handler.log_command:Invoked command in '/home/das/eyrc_hb/hb_task1a_ws/build/turtlesim' returned '0': CMAKE_PREFIX_PATH=${CMAKE_PREFIX_PATH}:/home/das/eyrc_hb/hb_task1a_ws/install/hb_task_1a:/opt/ros/humble /usr/bin/cmake --install /home/das/eyrc_hb/hb_task1a_ws/build/turtlesim
[20.836s] Level 1:colcon.colcon_core.environment:checking '/home/das/eyrc_hb/hb_task1a_ws/install/turtlesim' for CMake module files
[20.837s] Level 1:colcon.colcon_core.environment:checking '/home/das/eyrc_hb/hb_task1a_ws/install/turtlesim' for CMake config files
[20.837s] Level 1:colcon.colcon_core.shell:create_environment_hook('turtlesim', 'cmake_prefix_path')
[20.843s] INFO:colcon.colcon_core.shell:Creating environment hook '/home/das/eyrc_hb/hb_task1a_ws/install/turtlesim/share/turtlesim/hook/cmake_prefix_path.ps1'
[20.843s] INFO:colcon.colcon_core.shell:Creating environment descriptor '/home/das/eyrc_hb/hb_task1a_ws/install/turtlesim/share/turtlesim/hook/cmake_prefix_path.dsv'
[20.844s] INFO:colcon.colcon_core.shell:Creating environment hook '/home/das/eyrc_hb/hb_task1a_ws/install/turtlesim/share/turtlesim/hook/cmake_prefix_path.sh'
[20.845s] Level 1:colcon.colcon_core.environment:checking '/home/das/eyrc_hb/hb_task1a_ws/install/turtlesim/lib'
[20.845s] Level 1:colcon.colcon_core.shell:create_environment_hook('turtlesim', 'ld_library_path_lib')
[20.849s] INFO:colcon.colcon_core.shell:Creating environment hook '/home/das/eyrc_hb/hb_task1a_ws/install/turtlesim/share/turtlesim/hook/ld_library_path_lib.ps1'
[20.849s] INFO:colcon.colcon_core.shell:Creating environment descriptor '/home/das/eyrc_hb/hb_task1a_ws/install/turtlesim/share/turtlesim/hook/ld_library_path_lib.dsv'
[20.850s] INFO:colcon.colcon_core.shell:Creating environment hook '/home/das/eyrc_hb/hb_task1a_ws/install/turtlesim/share/turtlesim/hook/ld_library_path_lib.sh'
[20.850s] Level 1:colcon.colcon_core.environment:checking '/home/das/eyrc_hb/hb_task1a_ws/install/turtlesim/bin'
[20.850s] Level 1:colcon.colcon_core.environment:checking '/home/das/eyrc_hb/hb_task1a_ws/install/turtlesim/lib/pkgconfig/turtlesim.pc'
[20.850s] Level 1:colcon.colcon_core.environment:checking '/home/das/eyrc_hb/hb_task1a_ws/install/turtlesim/lib/python3.10/site-packages'
[20.851s] Level 1:colcon.colcon_core.environment:checking '/home/das/eyrc_hb/hb_task1a_ws/install/turtlesim/bin'
[20.856s] INFO:colcon.colcon_core.shell:Creating package script '/home/das/eyrc_hb/hb_task1a_ws/install/turtlesim/share/turtlesim/package.ps1'
[20.857s] INFO:colcon.colcon_core.shell:Creating package descriptor '/home/das/eyrc_hb/hb_task1a_ws/install/turtlesim/share/turtlesim/package.dsv'
[20.858s] INFO:colcon.colcon_core.shell:Creating package script '/home/das/eyrc_hb/hb_task1a_ws/install/turtlesim/share/turtlesim/package.sh'
[20.858s] INFO:colcon.colcon_core.shell:Creating package script '/home/das/eyrc_hb/hb_task1a_ws/install/turtlesim/share/turtlesim/package.bash'
[20.858s] INFO:colcon.colcon_core.shell:Creating package script '/home/das/eyrc_hb/hb_task1a_ws/install/turtlesim/share/turtlesim/package.zsh'
[20.859s] Level 1:colcon.colcon_core.environment:create_file_with_runtime_dependencies(/home/das/eyrc_hb/hb_task1a_ws/install/turtlesim/share/colcon-core/packages/turtlesim)
[20.982s] Level 1:colcon.colcon_core.environment:create_environment_scripts_only(turtlesim)
[20.985s] Level 1:colcon.colcon_core.environment:checking '/home/das/eyrc_hb/hb_task1a_ws/install/turtlesim' for CMake module files
[20.986s] Level 1:colcon.colcon_core.environment:checking '/home/das/eyrc_hb/hb_task1a_ws/install/turtlesim' for CMake config files
[20.986s] Level 1:colcon.colcon_core.shell:create_environment_hook('turtlesim', 'cmake_prefix_path')
[20.989s] INFO:colcon.colcon_core.shell:Creating environment hook '/home/das/eyrc_hb/hb_task1a_ws/install/turtlesim/share/turtlesim/hook/cmake_prefix_path.ps1'
[20.989s] INFO:colcon.colcon_core.shell:Creating environment descriptor '/home/das/eyrc_hb/hb_task1a_ws/install/turtlesim/share/turtlesim/hook/cmake_prefix_path.dsv'
[20.989s] INFO:colcon.colcon_core.shell:Creating environment hook '/home/das/eyrc_hb/hb_task1a_ws/install/turtlesim/share/turtlesim/hook/cmake_prefix_path.sh'
[20.990s] Level 1:colcon.colcon_core.environment:checking '/home/das/eyrc_hb/hb_task1a_ws/install/turtlesim/lib'
[20.990s] Level 1:colcon.colcon_core.shell:create_environment_hook('turtlesim', 'ld_library_path_lib')
[20.993s] INFO:colcon.colcon_core.shell:Creating environment hook '/home/das/eyrc_hb/hb_task1a_ws/install/turtlesim/share/turtlesim/hook/ld_library_path_lib.ps1'
[20.993s] INFO:colcon.colcon_core.shell:Creating environment descriptor '/home/das/eyrc_hb/hb_task1a_ws/install/turtlesim/share/turtlesim/hook/ld_library_path_lib.dsv'
[20.993s] INFO:colcon.colcon_core.shell:Creating environment hook '/home/das/eyrc_hb/hb_task1a_ws/install/turtlesim/share/turtlesim/hook/ld_library_path_lib.sh'
[20.994s] Level 1:colcon.colcon_core.environment:checking '/home/das/eyrc_hb/hb_task1a_ws/install/turtlesim/bin'
[20.994s] Level 1:colcon.colcon_core.environment:checking '/home/das/eyrc_hb/hb_task1a_ws/install/turtlesim/lib/pkgconfig/turtlesim.pc'
[20.994s] Level 1:colcon.colcon_core.environment:checking '/home/das/eyrc_hb/hb_task1a_ws/install/turtlesim/lib/python3.10/site-packages'
[20.994s] Level 1:colcon.colcon_core.environment:checking '/home/das/eyrc_hb/hb_task1a_ws/install/turtlesim/bin'
[20.997s] INFO:colcon.colcon_core.shell:Creating package script '/home/das/eyrc_hb/hb_task1a_ws/install/turtlesim/share/turtlesim/package.ps1'
[20.997s] INFO:colcon.colcon_core.shell:Creating package descriptor '/home/das/eyrc_hb/hb_task1a_ws/install/turtlesim/share/turtlesim/package.dsv'
[20.998s] INFO:colcon.colcon_core.shell:Creating package script '/home/das/eyrc_hb/hb_task1a_ws/install/turtlesim/share/turtlesim/package.sh'
[20.998s] INFO:colcon.colcon_core.shell:Creating package script '/home/das/eyrc_hb/hb_task1a_ws/install/turtlesim/share/turtlesim/package.bash'
[20.998s] INFO:colcon.colcon_core.shell:Creating package script '/home/das/eyrc_hb/hb_task1a_ws/install/turtlesim/share/turtlesim/package.zsh'
[20.998s] Level 1:colcon.colcon_core.environment:create_file_with_runtime_dependencies(/home/das/eyrc_hb/hb_task1a_ws/install/turtlesim/share/colcon-core/packages/turtlesim)
[20.998s] DEBUG:colcon.colcon_parallel_executor.executor.parallel:closing loop
[20.999s] DEBUG:colcon.colcon_parallel_executor.executor.parallel:loop closed
[20.999s] DEBUG:colcon.colcon_parallel_executor.executor.parallel:run_until_complete finished with '0'
[20.999s] DEBUG:colcon.colcon_core.event_reactor:joining thread
[21.005s] INFO:colcon.colcon_core.plugin_system:Skipping extension 'colcon_notification.desktop_notification.terminal_notifier': Not used on non-Darwin systems
[21.005s] INFO:colcon.colcon_core.plugin_system:Skipping extension 'colcon_notification.desktop_notification.win32': Not used on non-Windows systems
[21.005s] INFO:colcon.colcon_notification.desktop_notification:Sending desktop notification using 'notify2'
[21.013s] DEBUG:colcon.colcon_core.event_reactor:joined thread
[21.017s] INFO:colcon.colcon_core.shell:Creating prefix script '/home/das/eyrc_hb/hb_task1a_ws/install/local_setup.ps1'
[21.018s] INFO:colcon.colcon_core.shell:Creating prefix util module '/home/das/eyrc_hb/hb_task1a_ws/install/_local_setup_util_ps1.py'
[21.019s] INFO:colcon.colcon_core.shell:Creating prefix chain script '/home/das/eyrc_hb/hb_task1a_ws/install/setup.ps1'
[21.022s] INFO:colcon.colcon_core.shell:Creating prefix script '/home/das/eyrc_hb/hb_task1a_ws/install/local_setup.sh'
[21.022s] INFO:colcon.colcon_core.shell:Creating prefix util module '/home/das/eyrc_hb/hb_task1a_ws/install/_local_setup_util_sh.py'
[21.022s] INFO:colcon.colcon_core.shell:Creating prefix chain script '/home/das/eyrc_hb/hb_task1a_ws/install/setup.sh'
[21.025s] INFO:colcon.colcon_core.shell:Creating prefix script '/home/das/eyrc_hb/hb_task1a_ws/install/local_setup.bash'
[21.026s] INFO:colcon.colcon_core.shell:Creating prefix chain script '/home/das/eyrc_hb/hb_task1a_ws/install/setup.bash'
[21.029s] INFO:colcon.colcon_core.shell:Creating prefix script '/home/das/eyrc_hb/hb_task1a_ws/install/local_setup.zsh'
[21.029s] INFO:colcon.colcon_core.shell:Creating prefix chain script '/home/das/eyrc_hb/hb_task1a_ws/install/setup.zsh'
